[0.014s] Invoking command in '/home/xianyu/ws_arm/build/moveit_arm': AMENT_PREFIX_PATH=/home/xianyu/ws_arm/install/simple_arm:${AMENT_PREFIX_PATH} CMAKE_PREFIX_PATH=/home/xianyu/ws_arm/install/simple_arm:/opt/ros/humble /usr/bin/cmake --build /home/xianyu/ws_arm/build/moveit_arm -- -j8 -l8
[0.079s] Invoked command in '/home/xianyu/ws_arm/build/moveit_arm' returned '0': AMENT_PREFIX_PATH=/home/xianyu/ws_arm/install/simple_arm:${AMENT_PREFIX_PATH} CMAKE_PREFIX_PATH=/home/xianyu/ws_arm/install/simple_arm:/opt/ros/humble /usr/bin/cmake --build /home/xianyu/ws_arm/build/moveit_arm -- -j8 -l8
[0.081s] Invoking command in '/home/xianyu/ws_arm/build/moveit_arm': AMENT_PREFIX_PATH=/home/xianyu/ws_arm/install/simple_arm:${AMENT_PREFIX_PATH} CMAKE_PREFIX_PATH=/home/xianyu/ws_arm/install/simple_arm:/opt/ros/humble /usr/bin/cmake --install /home/xianyu/ws_arm/build/moveit_arm
[0.095s] -- Install configuration: ""
[0.095s] -- Up-to-date: /home/xianyu/ws_arm/install/moveit_arm/share/ament_index/resource_index/package_run_dependencies/moveit_arm
[0.095s] -- Up-to-date: /home/xianyu/ws_arm/install/moveit_arm/share/ament_index/resource_index/parent_prefix_path/moveit_arm
[0.096s] -- Up-to-date: /home/xianyu/ws_arm/install/moveit_arm/share/moveit_arm/environment/ament_prefix_path.sh
[0.096s] -- Up-to-date: /home/xianyu/ws_arm/install/moveit_arm/share/moveit_arm/environment/ament_prefix_path.dsv
[0.096s] -- Up-to-date: /home/xianyu/ws_arm/install/moveit_arm/share/moveit_arm/environment/path.sh
[0.096s] -- Up-to-date: /home/xianyu/ws_arm/install/moveit_arm/share/moveit_arm/environment/path.dsv
[0.096s] -- Up-to-date: /home/xianyu/ws_arm/install/moveit_arm/share/moveit_arm/local_setup.bash
[0.096s] -- Up-to-date: /home/xianyu/ws_arm/install/moveit_arm/share/moveit_arm/local_setup.sh
[0.097s] -- Up-to-date: /home/xianyu/ws_arm/install/moveit_arm/share/moveit_arm/local_setup.zsh
[0.097s] -- Up-to-date: /home/xianyu/ws_arm/install/moveit_arm/share/moveit_arm/local_setup.dsv
[0.097s] -- Installing: /home/xianyu/ws_arm/install/moveit_arm/share/moveit_arm/package.dsv
[0.097s] -- Up-to-date: /home/xianyu/ws_arm/install/moveit_arm/share/ament_index/resource_index/packages/moveit_arm
[0.097s] -- Up-to-date: /home/xianyu/ws_arm/install/moveit_arm/share/moveit_arm/cmake/moveit_armConfig.cmake
[0.097s] -- Up-to-date: /home/xianyu/ws_arm/install/moveit_arm/share/moveit_arm/cmake/moveit_armConfig-version.cmake
[0.097s] -- Up-to-date: /home/xianyu/ws_arm/install/moveit_arm/share/moveit_arm/package.xml
[0.098s] -- Up-to-date: /home/xianyu/ws_arm/install/moveit_arm/share/moveit_arm/launch
[0.098s] -- Up-to-date: /home/xianyu/ws_arm/install/moveit_arm/share/moveit_arm/launch/gazebo.launch.py
[0.098s] -- Up-to-date: /home/xianyu/ws_arm/install/moveit_arm/share/moveit_arm/launch/demo.launch.py
[0.098s] -- Up-to-date: /home/xianyu/ws_arm/install/moveit_arm/share/moveit_arm/launch/moveit_rviz.launch.py
[0.098s] -- Up-to-date: /home/xianyu/ws_arm/install/moveit_arm/share/moveit_arm/launch/warehouse_db.launch.py
[0.098s] -- Up-to-date: /home/xianyu/ws_arm/install/moveit_arm/share/moveit_arm/launch/static_virtual_joint_tfs.launch.py
[0.098s] -- Up-to-date: /home/xianyu/ws_arm/install/moveit_arm/share/moveit_arm/launch/move_group.launch.py
[0.098s] -- Up-to-date: /home/xianyu/ws_arm/install/moveit_arm/share/moveit_arm/launch/rsp.launch.py
[0.099s] -- Up-to-date: /home/xianyu/ws_arm/install/moveit_arm/share/moveit_arm/launch/my_moveit_rviz.launch.py
[0.101s] -- Up-to-date: /home/xianyu/ws_arm/install/moveit_arm/share/moveit_arm/launch/setup_assistant.launch.py
[0.103s] -- Up-to-date: /home/xianyu/ws_arm/install/moveit_arm/share/moveit_arm/launch/spawn_controllers.launch.py
[0.105s] -- Up-to-date: /home/xianyu/ws_arm/install/moveit_arm/share/moveit_arm/config
[0.107s] -- Up-to-date: /home/xianyu/ws_arm/install/moveit_arm/share/moveit_arm/config/moveit_controllers.yaml
[0.108s] -- Up-to-date: /home/xianyu/ws_arm/install/moveit_arm/share/moveit_arm/config/ros2_controllers.yaml
[0.108s] -- Up-to-date: /home/xianyu/ws_arm/install/moveit_arm/share/moveit_arm/config/simple_arm.ros2_control.xacro
[0.108s] -- Up-to-date: /home/xianyu/ws_arm/install/moveit_arm/share/moveit_arm/config/moveit.rviz
[0.108s] -- Up-to-date: /home/xianyu/ws_arm/install/moveit_arm/share/moveit_arm/config/gazebo_simple_arm.urdf.xacro
[0.108s] -- Up-to-date: /home/xianyu/ws_arm/install/moveit_arm/share/moveit_arm/config/simple_arm.urdf.xacro
[0.108s] -- Up-to-date: /home/xianyu/ws_arm/install/moveit_arm/share/moveit_arm/config/pilz_cartesian_limits.yaml
[0.109s] -- Up-to-date: /home/xianyu/ws_arm/install/moveit_arm/share/moveit_arm/config/initial_positions.yaml
[0.109s] -- Up-to-date: /home/xianyu/ws_arm/install/moveit_arm/share/moveit_arm/config/joint_limits.yaml
[0.109s] -- Up-to-date: /home/xianyu/ws_arm/install/moveit_arm/share/moveit_arm/config/simple_arm.srdf
[0.109s] -- Up-to-date: /home/xianyu/ws_arm/install/moveit_arm/share/moveit_arm/config/kinematics.yaml
[0.109s] -- Up-to-date: /home/xianyu/ws_arm/install/moveit_arm/share/moveit_arm/.setup_assistant
[0.109s] Invoked command in '/home/xianyu/ws_arm/build/moveit_arm' returned '0': AMENT_PREFIX_PATH=/home/xianyu/ws_arm/install/simple_arm:${AMENT_PREFIX_PATH} CMAKE_PREFIX_PATH=/home/xianyu/ws_arm/install/simple_arm:/opt/ros/humble /usr/bin/cmake --install /home/xianyu/ws_arm/build/moveit_arm
