[0.005s] Invoking command in '/home/xianyu/ws_arm/build/my_arm': CMAKE_PREFIX_PATH=/home/xianyu/ws_arm/install/simple_arm:/home/xianyu/ws_arm/install/my_arm:/opt/ros/humble /usr/bin/cmake --build /home/xianyu/ws_arm/build/my_arm -- -j16 -l16
[0.054s] Invoked command in '/home/xianyu/ws_arm/build/my_arm' returned '0': CMAKE_PREFIX_PATH=/home/xianyu/ws_arm/install/simple_arm:/home/xianyu/ws_arm/install/my_arm:/opt/ros/humble /usr/bin/cmake --build /home/xianyu/ws_arm/build/my_arm -- -j16 -l16
[0.057s] Invoking command in '/home/xianyu/ws_arm/build/my_arm': CMAKE_PREFIX_PATH=/home/xianyu/ws_arm/install/simple_arm:/home/xianyu/ws_arm/install/my_arm:/opt/ros/humble /usr/bin/cmake --install /home/xianyu/ws_arm/build/my_arm
[0.068s] -- Install configuration: ""
[0.068s] -- Up-to-date: /home/xianyu/ws_arm/install/my_arm/share/ament_index/resource_index/package_run_dependencies/my_arm
[0.068s] -- Up-to-date: /home/xianyu/ws_arm/install/my_arm/share/ament_index/resource_index/parent_prefix_path/my_arm
[0.068s] -- Up-to-date: /home/xianyu/ws_arm/install/my_arm/share/my_arm/environment/ament_prefix_path.sh
[0.068s] -- Up-to-date: /home/xianyu/ws_arm/install/my_arm/share/my_arm/environment/ament_prefix_path.dsv
[0.068s] -- Up-to-date: /home/xianyu/ws_arm/install/my_arm/share/my_arm/environment/path.sh
[0.068s] -- Up-to-date: /home/xianyu/ws_arm/install/my_arm/share/my_arm/environment/path.dsv
[0.068s] -- Up-to-date: /home/xianyu/ws_arm/install/my_arm/share/my_arm/local_setup.bash
[0.068s] -- Up-to-date: /home/xianyu/ws_arm/install/my_arm/share/my_arm/local_setup.sh
[0.068s] -- Up-to-date: /home/xianyu/ws_arm/install/my_arm/share/my_arm/local_setup.zsh
[0.069s] -- Up-to-date: /home/xianyu/ws_arm/install/my_arm/share/my_arm/local_setup.dsv
[0.069s] -- Installing: /home/xianyu/ws_arm/install/my_arm/share/my_arm/package.dsv
[0.069s] -- Up-to-date: /home/xianyu/ws_arm/install/my_arm/share/ament_index/resource_index/packages/my_arm
[0.069s] -- Up-to-date: /home/xianyu/ws_arm/install/my_arm/share/my_arm/cmake/my_armConfig.cmake
[0.069s] -- Up-to-date: /home/xianyu/ws_arm/install/my_arm/share/my_arm/cmake/my_armConfig-version.cmake
[0.069s] -- Up-to-date: /home/xianyu/ws_arm/install/my_arm/share/my_arm/package.xml
[0.069s] -- Up-to-date: /home/xianyu/ws_arm/install/my_arm/share/my_arm/launch
[0.069s] -- Installing: /home/xianyu/ws_arm/install/my_arm/share/my_arm/launch/demo.launch.py
[0.069s] -- Up-to-date: /home/xianyu/ws_arm/install/my_arm/share/my_arm/launch/moveit_rviz.launch.py
[0.069s] -- Up-to-date: /home/xianyu/ws_arm/install/my_arm/share/my_arm/launch/warehouse_db.launch.py
[0.069s] -- Up-to-date: /home/xianyu/ws_arm/install/my_arm/share/my_arm/launch/static_virtual_joint_tfs.launch.py
[0.069s] -- Up-to-date: /home/xianyu/ws_arm/install/my_arm/share/my_arm/launch/move_group.launch.py
[0.069s] -- Up-to-date: /home/xianyu/ws_arm/install/my_arm/share/my_arm/launch/rsp.launch.py
[0.070s] -- Up-to-date: /home/xianyu/ws_arm/install/my_arm/share/my_arm/launch/setup_assistant.launch.py
[0.070s] -- Up-to-date: /home/xianyu/ws_arm/install/my_arm/share/my_arm/launch/spawn_controllers.launch.py
[0.070s] -- Up-to-date: /home/xianyu/ws_arm/install/my_arm/share/my_arm/config
[0.070s] -- Up-to-date: /home/xianyu/ws_arm/install/my_arm/share/my_arm/config/simple_arm.ros2_control.xacro
[0.070s] -- Up-to-date: /home/xianyu/ws_arm/install/my_arm/share/my_arm/config/moveit.rviz
[0.070s] -- Up-to-date: /home/xianyu/ws_arm/install/my_arm/share/my_arm/config/simple_arm.urdf.xacro
[0.070s] -- Up-to-date: /home/xianyu/ws_arm/install/my_arm/share/my_arm/config/pilz_cartesian_limits.yaml
[0.070s] -- Up-to-date: /home/xianyu/ws_arm/install/my_arm/share/my_arm/config/initial_positions.yaml
[0.070s] -- Up-to-date: /home/xianyu/ws_arm/install/my_arm/share/my_arm/config/joint_limits.yaml
[0.070s] -- Up-to-date: /home/xianyu/ws_arm/install/my_arm/share/my_arm/config/simple_arm.srdf
[0.070s] -- Up-to-date: /home/xianyu/ws_arm/install/my_arm/share/my_arm/config/kinematics.yaml
[0.070s] -- Up-to-date: /home/xianyu/ws_arm/install/my_arm/share/my_arm/.setup_assistant
[0.071s] Invoked command in '/home/xianyu/ws_arm/build/my_arm' returned '0': CMAKE_PREFIX_PATH=/home/xianyu/ws_arm/install/simple_arm:/home/xianyu/ws_arm/install/my_arm:/opt/ros/humble /usr/bin/cmake --install /home/xianyu/ws_arm/build/my_arm
