[0.020s] Invoking command in '/home/xianyu/ws_arm/build/simple_arm': CMAKE_PREFIX_PATH=${CMAKE_PREFIX_PATH}:/opt/ros/humble /usr/bin/cmake --build /home/xianyu/ws_arm/build/simple_arm -- -j8 -l8
[0.095s] Invoked command in '/home/xianyu/ws_arm/build/simple_arm' returned '0': CMAKE_PREFIX_PATH=${CMAKE_PREFIX_PATH}:/opt/ros/humble /usr/bin/cmake --build /home/xianyu/ws_arm/build/simple_arm -- -j8 -l8
[0.111s] Invoking command in '/home/xianyu/ws_arm/build/simple_arm': CMAKE_PREFIX_PATH=${CMAKE_PREFIX_PATH}:/opt/ros/humble /usr/bin/cmake --install /home/xianyu/ws_arm/build/simple_arm
[0.121s] -- Install configuration: ""
[0.122s] -- Up-to-date: /home/xianyu/ws_arm/install/simple_arm/share/simple_arm/images
[0.123s] -- Up-to-date: /home/xianyu/ws_arm/install/simple_arm/share/simple_arm/launch
[0.125s] -- Up-to-date: /home/xianyu/ws_arm/install/simple_arm/share/simple_arm/launch/gazebo.launch.py
[0.125s] -- Up-to-date: /home/xianyu/ws_arm/install/simple_arm/share/simple_arm/launch/__pycache__
[0.126s] -- Up-to-date: /home/xianyu/ws_arm/install/simple_arm/share/simple_arm/launch/__pycache__/gazebo.launch.cpython-310.pyc
[0.126s] -- Up-to-date: /home/xianyu/ws_arm/install/simple_arm/share/simple_arm/launch/display.launch.py
[0.127s] -- Up-to-date: /home/xianyu/ws_arm/install/simple_arm/share/simple_arm/meshes
[0.127s] -- Up-to-date: /home/xianyu/ws_arm/install/simple_arm/share/simple_arm/meshes/P2_Link.STL
[0.127s] -- Up-to-date: /home/xianyu/ws_arm/install/simple_arm/share/simple_arm/meshes/base_link.STL
[0.127s] -- Up-to-date: /home/xianyu/ws_arm/install/simple_arm/share/simple_arm/meshes/P1_Link.STL
[0.128s] -- Up-to-date: /home/xianyu/ws_arm/install/simple_arm/share/simple_arm/meshes/yaw_Link.STL
[0.128s] -- Up-to-date: /home/xianyu/ws_arm/install/simple_arm/share/simple_arm/meshes/Roll_Link.STL
[0.128s] -- Up-to-date: /home/xianyu/ws_arm/install/simple_arm/share/simple_arm/meshes/Minip_Link.STL
[0.128s] -- Up-to-date: /home/xianyu/ws_arm/install/simple_arm/share/simple_arm/meshes/Minir_Link.STL
[0.128s] -- Up-to-date: /home/xianyu/ws_arm/install/simple_arm/share/simple_arm/rviz
[0.128s] -- Up-to-date: /home/xianyu/ws_arm/install/simple_arm/share/simple_arm/rviz/urdf.rviz
[0.129s] -- Up-to-date: /home/xianyu/ws_arm/install/simple_arm/share/simple_arm/urdf
[0.129s] -- Up-to-date: /home/xianyu/ws_arm/install/simple_arm/share/simple_arm/urdf/simple_arm.urdf
[0.130s] -- Up-to-date: /home/xianyu/ws_arm/install/simple_arm/share/simple_arm/urdf/simple_arm.csv
[0.131s] -- Up-to-date: /home/xianyu/ws_arm/install/simple_arm/share/simple_arm/urdf/simple_arm1.urdf
[0.133s] -- Up-to-date: /home/xianyu/ws_arm/install/simple_arm/share/ament_index/resource_index/package_run_dependencies/simple_arm
[0.134s] -- Up-to-date: /home/xianyu/ws_arm/install/simple_arm/share/ament_index/resource_index/parent_prefix_path/simple_arm
[0.134s] -- Up-to-date: /home/xianyu/ws_arm/install/simple_arm/share/simple_arm/environment/ament_prefix_path.sh
[0.134s] -- Up-to-date: /home/xianyu/ws_arm/install/simple_arm/share/simple_arm/environment/ament_prefix_path.dsv
[0.134s] -- Up-to-date: /home/xianyu/ws_arm/install/simple_arm/share/simple_arm/environment/path.sh
[0.134s] -- Up-to-date: /home/xianyu/ws_arm/install/simple_arm/share/simple_arm/environment/path.dsv
[0.135s] -- Up-to-date: /home/xianyu/ws_arm/install/simple_arm/share/simple_arm/local_setup.bash
[0.136s] -- Up-to-date: /home/xianyu/ws_arm/install/simple_arm/share/simple_arm/local_setup.sh
[0.138s] -- Up-to-date: /home/xianyu/ws_arm/install/simple_arm/share/simple_arm/local_setup.zsh
[0.141s] -- Up-to-date: /home/xianyu/ws_arm/install/simple_arm/share/simple_arm/local_setup.dsv
[0.141s] -- Installing: /home/xianyu/ws_arm/install/simple_arm/share/simple_arm/package.dsv
[0.141s] -- Up-to-date: /home/xianyu/ws_arm/install/simple_arm/share/ament_index/resource_index/packages/simple_arm
[0.142s] -- Up-to-date: /home/xianyu/ws_arm/install/simple_arm/share/simple_arm/cmake/simple_armConfig.cmake
[0.143s] -- Up-to-date: /home/xianyu/ws_arm/install/simple_arm/share/simple_arm/cmake/simple_armConfig-version.cmake
[0.143s] -- Up-to-date: /home/xianyu/ws_arm/install/simple_arm/share/simple_arm/package.xml
[0.144s] Invoked command in '/home/xianyu/ws_arm/build/simple_arm' returned '0': CMAKE_PREFIX_PATH=${CMAKE_PREFIX_PATH}:/opt/ros/humble /usr/bin/cmake --install /home/xianyu/ws_arm/build/simple_arm
