[0.080s] DEBUG:colcon:Command line arguments: ['/usr/bin/colcon', 'build']
[0.080s] DEBUG:colcon:Parsed command line arguments: Namespace(log_base=None, log_level=None, verb_name='build', build_base='build', install_base='install', merge_install=False, symlink_install=False, test_result_base=None, continue_on_error=False, executor='parallel', parallel_workers=16, event_handlers=None, ignore_user_meta=False, metas=['./colcon.meta'], base_paths=['.'], packages_ignore=None, packages_ignore_regex=None, paths=None, packages_up_to=None, packages_up_to_regex=None, packages_above=None, packages_above_and_dependencies=None, packages_above_depth=None, packages_select_by_dep=None, packages_skip_by_dep=None, packages_skip_up_to=None, packages_select_build_failed=False, packages_skip_build_finished=False, packages_select_test_failures=False, packages_skip_test_passed=False, packages_select=None, packages_skip=None, packages_select_regex=None, packages_skip_regex=None, packages_start=None, packages_end=None, allow_overriding=[], cmake_args=None, cmake_target=None, cmake_target_skip_unavailable=False, cmake_clean_cache=False, cmake_clean_first=False, cmake_force_configure=False, ament_cmake_args=None, catkin_cmake_args=None, catkin_skip_building_tests=False, mixin_files=None, mixin=None, verb_parser=<colcon_mixin.mixin.mixin_argument.MixinArgumentDecorator object at 0x7b8f03962bf0>, verb_extension=<colcon_core.verb.build.BuildVerb object at 0x7b8f03a7fb50>, main=<bound method BuildVerb.main of <colcon_core.verb.build.BuildVerb object at 0x7b8f03a7fb50>>, mixin_verb=('build',))
[0.182s] Level 1:colcon.colcon_core.package_discovery:discover_packages(colcon_meta) check parameters
[0.182s] Level 1:colcon.colcon_core.package_discovery:discover_packages(recursive) check parameters
[0.182s] Level 1:colcon.colcon_core.package_discovery:discover_packages(ignore) check parameters
[0.182s] Level 1:colcon.colcon_core.package_discovery:discover_packages(path) check parameters
[0.182s] Level 1:colcon.colcon_core.package_discovery:discover_packages(colcon_meta) discover
[0.182s] Level 1:colcon.colcon_core.package_discovery:discover_packages(recursive) discover
[0.182s] INFO:colcon.colcon_core.package_discovery:Crawling recursively for packages in '/home/xianyu/ws_arm'
[0.182s] Level 1:colcon.colcon_core.package_identification:_identify(.) by extensions ['ignore', 'ignore_ament_install']
[0.182s] Level 1:colcon.colcon_core.package_identification:_identify(.) by extension 'ignore'
[0.182s] Level 1:colcon.colcon_core.package_identification:_identify(.) by extension 'ignore_ament_install'
[0.183s] Level 1:colcon.colcon_core.package_identification:_identify(.) by extensions ['colcon_pkg']
[0.183s] Level 1:colcon.colcon_core.package_identification:_identify(.) by extension 'colcon_pkg'
[0.183s] Level 1:colcon.colcon_core.package_identification:_identify(.) by extensions ['colcon_meta']
[0.183s] Level 1:colcon.colcon_core.package_identification:_identify(.) by extension 'colcon_meta'
[0.183s] Level 1:colcon.colcon_core.package_identification:_identify(.) by extensions ['ros']
[0.183s] Level 1:colcon.colcon_core.package_identification:_identify(.) by extension 'ros'
[0.190s] Level 1:colcon.colcon_core.package_identification:_identify(.) by extensions ['cmake', 'python']
[0.190s] Level 1:colcon.colcon_core.package_identification:_identify(.) by extension 'cmake'
[0.190s] Level 1:colcon.colcon_core.package_identification:_identify(.) by extension 'python'
[0.190s] Level 1:colcon.colcon_core.package_identification:_identify(.) by extensions ['python_setup_py']
[0.190s] Level 1:colcon.colcon_core.package_identification:_identify(.) by extension 'python_setup_py'
[0.190s] Level 1:colcon.colcon_core.package_identification:_identify(build) by extensions ['ignore', 'ignore_ament_install']
[0.190s] Level 1:colcon.colcon_core.package_identification:_identify(build) by extension 'ignore'
[0.190s] Level 1:colcon.colcon_core.package_identification:_identify(build) ignored
[0.191s] Level 1:colcon.colcon_core.package_identification:_identify(install) by extensions ['ignore', 'ignore_ament_install']
[0.191s] Level 1:colcon.colcon_core.package_identification:_identify(install) by extension 'ignore'
[0.191s] Level 1:colcon.colcon_core.package_identification:_identify(install) ignored
[0.191s] Level 1:colcon.colcon_core.package_identification:_identify(log) by extensions ['ignore', 'ignore_ament_install']
[0.191s] Level 1:colcon.colcon_core.package_identification:_identify(log) by extension 'ignore'
[0.191s] Level 1:colcon.colcon_core.package_identification:_identify(log) ignored
[0.191s] Level 1:colcon.colcon_core.package_identification:_identify(src) by extensions ['ignore', 'ignore_ament_install']
[0.191s] Level 1:colcon.colcon_core.package_identification:_identify(src) by extension 'ignore'
[0.191s] Level 1:colcon.colcon_core.package_identification:_identify(src) by extension 'ignore_ament_install'
[0.191s] Level 1:colcon.colcon_core.package_identification:_identify(src) by extensions ['colcon_pkg']
[0.191s] Level 1:colcon.colcon_core.package_identification:_identify(src) by extension 'colcon_pkg'
[0.191s] Level 1:colcon.colcon_core.package_identification:_identify(src) by extensions ['colcon_meta']
[0.191s] Level 1:colcon.colcon_core.package_identification:_identify(src) by extension 'colcon_meta'
[0.191s] Level 1:colcon.colcon_core.package_identification:_identify(src) by extensions ['ros']
[0.191s] Level 1:colcon.colcon_core.package_identification:_identify(src) by extension 'ros'
[0.191s] Level 1:colcon.colcon_core.package_identification:_identify(src) by extensions ['cmake', 'python']
[0.191s] Level 1:colcon.colcon_core.package_identification:_identify(src) by extension 'cmake'
[0.191s] Level 1:colcon.colcon_core.package_identification:_identify(src) by extension 'python'
[0.191s] Level 1:colcon.colcon_core.package_identification:_identify(src) by extensions ['python_setup_py']
[0.191s] Level 1:colcon.colcon_core.package_identification:_identify(src) by extension 'python_setup_py'
[0.191s] Level 1:colcon.colcon_core.package_identification:_identify(src/build) by extensions ['ignore', 'ignore_ament_install']
[0.191s] Level 1:colcon.colcon_core.package_identification:_identify(src/build) by extension 'ignore'
[0.192s] Level 1:colcon.colcon_core.package_identification:_identify(src/build) ignored
[0.192s] Level 1:colcon.colcon_core.package_identification:_identify(src/install) by extensions ['ignore', 'ignore_ament_install']
[0.192s] Level 1:colcon.colcon_core.package_identification:_identify(src/install) by extension 'ignore'
[0.192s] Level 1:colcon.colcon_core.package_identification:_identify(src/install) ignored
[0.192s] Level 1:colcon.colcon_core.package_identification:_identify(src/log) by extensions ['ignore', 'ignore_ament_install']
[0.192s] Level 1:colcon.colcon_core.package_identification:_identify(src/log) by extension 'ignore'
[0.192s] Level 1:colcon.colcon_core.package_identification:_identify(src/log) ignored
[0.192s] Level 1:colcon.colcon_core.package_identification:_identify(src/moveit_arm) by extensions ['ignore', 'ignore_ament_install']
[0.192s] Level 1:colcon.colcon_core.package_identification:_identify(src/moveit_arm) by extension 'ignore'
[0.192s] Level 1:colcon.colcon_core.package_identification:_identify(src/moveit_arm) by extension 'ignore_ament_install'
[0.192s] Level 1:colcon.colcon_core.package_identification:_identify(src/moveit_arm) by extensions ['colcon_pkg']
[0.192s] Level 1:colcon.colcon_core.package_identification:_identify(src/moveit_arm) by extension 'colcon_pkg'
[0.192s] Level 1:colcon.colcon_core.package_identification:_identify(src/moveit_arm) by extensions ['colcon_meta']
[0.192s] Level 1:colcon.colcon_core.package_identification:_identify(src/moveit_arm) by extension 'colcon_meta'
[0.192s] Level 1:colcon.colcon_core.package_identification:_identify(src/moveit_arm) by extensions ['ros']
[0.192s] Level 1:colcon.colcon_core.package_identification:_identify(src/moveit_arm) by extension 'ros'
[0.198s] DEBUG:colcon.colcon_core.package_identification:Package 'src/moveit_arm' with type 'ros.ament_cmake' and name 'moveit_arm'
[0.199s] Level 1:colcon.colcon_core.package_identification:_identify(src/simple_arm) by extensions ['ignore', 'ignore_ament_install']
[0.199s] Level 1:colcon.colcon_core.package_identification:_identify(src/simple_arm) by extension 'ignore'
[0.199s] Level 1:colcon.colcon_core.package_identification:_identify(src/simple_arm) by extension 'ignore_ament_install'
[0.199s] Level 1:colcon.colcon_core.package_identification:_identify(src/simple_arm) by extensions ['colcon_pkg']
[0.199s] Level 1:colcon.colcon_core.package_identification:_identify(src/simple_arm) by extension 'colcon_pkg'
[0.199s] Level 1:colcon.colcon_core.package_identification:_identify(src/simple_arm) by extensions ['colcon_meta']
[0.199s] Level 1:colcon.colcon_core.package_identification:_identify(src/simple_arm) by extension 'colcon_meta'
[0.199s] Level 1:colcon.colcon_core.package_identification:_identify(src/simple_arm) by extensions ['ros']
[0.199s] Level 1:colcon.colcon_core.package_identification:_identify(src/simple_arm) by extension 'ros'
[0.199s] DEBUG:colcon.colcon_core.package_identification:Package 'src/simple_arm' with type 'ros.ament_cmake' and name 'simple_arm'
[0.199s] Level 1:colcon.colcon_core.package_discovery:discover_packages(recursive) using defaults
[0.199s] Level 1:colcon.colcon_core.package_discovery:discover_packages(ignore) discover
[0.200s] Level 1:colcon.colcon_core.package_discovery:discover_packages(ignore) using defaults
[0.200s] Level 1:colcon.colcon_core.package_discovery:discover_packages(path) discover
[0.200s] Level 1:colcon.colcon_core.package_discovery:discover_packages(path) using defaults
[0.212s] Level 1:colcon.colcon_core.package_discovery:discover_packages(prefix_path) check parameters
[0.213s] Level 1:colcon.colcon_core.package_discovery:discover_packages(prefix_path) discover
[0.215s] DEBUG:colcon.colcon_installed_package_information.package_discovery:Found 418 installed packages in /opt/ros/humble
[0.216s] Level 1:colcon.colcon_core.package_discovery:discover_packages(prefix_path) using defaults
[0.245s] Level 5:colcon.colcon_core.verb:set package 'simple_arm' build argument 'cmake_args' from command line to 'None'
[0.245s] Level 5:colcon.colcon_core.verb:set package 'simple_arm' build argument 'cmake_target' from command line to 'None'
[0.245s] Level 5:colcon.colcon_core.verb:set package 'simple_arm' build argument 'cmake_target_skip_unavailable' from command line to 'False'
[0.245s] Level 5:colcon.colcon_core.verb:set package 'simple_arm' build argument 'cmake_clean_cache' from command line to 'False'
[0.246s] Level 5:colcon.colcon_core.verb:set package 'simple_arm' build argument 'cmake_clean_first' from command line to 'False'
[0.246s] Level 5:colcon.colcon_core.verb:set package 'simple_arm' build argument 'cmake_force_configure' from command line to 'False'
[0.246s] Level 5:colcon.colcon_core.verb:set package 'simple_arm' build argument 'ament_cmake_args' from command line to 'None'
[0.246s] Level 5:colcon.colcon_core.verb:set package 'simple_arm' build argument 'catkin_cmake_args' from command line to 'None'
[0.246s] Level 5:colcon.colcon_core.verb:set package 'simple_arm' build argument 'catkin_skip_building_tests' from command line to 'False'
[0.246s] DEBUG:colcon.colcon_core.verb:Building package 'simple_arm' with the following arguments: {'ament_cmake_args': None, 'build_base': '/home/xianyu/ws_arm/build/simple_arm', 'catkin_cmake_args': None, 'catkin_skip_building_tests': False, 'cmake_args': None, 'cmake_clean_cache': False, 'cmake_clean_first': False, 'cmake_force_configure': False, 'cmake_target': None, 'cmake_target_skip_unavailable': False, 'install_base': '/home/xianyu/ws_arm/install/simple_arm', 'merge_install': False, 'path': '/home/xianyu/ws_arm/src/simple_arm', 'symlink_install': False, 'test_result_base': None}
[0.246s] Level 5:colcon.colcon_core.verb:set package 'moveit_arm' build argument 'cmake_args' from command line to 'None'
[0.246s] Level 5:colcon.colcon_core.verb:set package 'moveit_arm' build argument 'cmake_target' from command line to 'None'
[0.246s] Level 5:colcon.colcon_core.verb:set package 'moveit_arm' build argument 'cmake_target_skip_unavailable' from command line to 'False'
[0.246s] Level 5:colcon.colcon_core.verb:set package 'moveit_arm' build argument 'cmake_clean_cache' from command line to 'False'
[0.246s] Level 5:colcon.colcon_core.verb:set package 'moveit_arm' build argument 'cmake_clean_first' from command line to 'False'
[0.246s] Level 5:colcon.colcon_core.verb:set package 'moveit_arm' build argument 'cmake_force_configure' from command line to 'False'
[0.246s] Level 5:colcon.colcon_core.verb:set package 'moveit_arm' build argument 'ament_cmake_args' from command line to 'None'
[0.246s] Level 5:colcon.colcon_core.verb:set package 'moveit_arm' build argument 'catkin_cmake_args' from command line to 'None'
[0.246s] Level 5:colcon.colcon_core.verb:set package 'moveit_arm' build argument 'catkin_skip_building_tests' from command line to 'False'
[0.246s] DEBUG:colcon.colcon_core.verb:Building package 'moveit_arm' with the following arguments: {'ament_cmake_args': None, 'build_base': '/home/xianyu/ws_arm/build/moveit_arm', 'catkin_cmake_args': None, 'catkin_skip_building_tests': False, 'cmake_args': None, 'cmake_clean_cache': False, 'cmake_clean_first': False, 'cmake_force_configure': False, 'cmake_target': None, 'cmake_target_skip_unavailable': False, 'install_base': '/home/xianyu/ws_arm/install/moveit_arm', 'merge_install': False, 'path': '/home/xianyu/ws_arm/src/moveit_arm', 'symlink_install': False, 'test_result_base': None}
[0.246s] INFO:colcon.colcon_core.executor:Executing jobs using 'parallel' executor
[0.247s] DEBUG:colcon.colcon_parallel_executor.executor.parallel:run_until_complete
[0.247s] INFO:colcon.colcon_ros.task.ament_cmake.build:Building ROS package in '/home/xianyu/ws_arm/src/simple_arm' with build type 'ament_cmake'
[0.247s] INFO:colcon.colcon_cmake.task.cmake.build:Building CMake package in '/home/xianyu/ws_arm/src/simple_arm'
[0.249s] INFO:colcon.colcon_core.plugin_system:Skipping extension 'colcon_core.shell.bat': Not used on non-Windows systems
[0.249s] INFO:colcon.colcon_core.shell:Skip shell extension 'powershell' for command environment: Not usable outside of PowerShell
[0.249s] DEBUG:colcon.colcon_core.shell:Skip shell extension 'dsv' for command environment
[0.256s] DEBUG:colcon.colcon_core.event_handler.log_command:Invoking command in '/home/xianyu/ws_arm/build/simple_arm': CMAKE_PREFIX_PATH=/opt/ros/humble /usr/bin/cmake --build /home/xianyu/ws_arm/build/simple_arm -- -j16 -l16
[0.321s] DEBUG:colcon.colcon_core.event_handler.log_command:Invoked command in '/home/xianyu/ws_arm/build/simple_arm' returned '0': CMAKE_PREFIX_PATH=/opt/ros/humble /usr/bin/cmake --build /home/xianyu/ws_arm/build/simple_arm -- -j16 -l16
[0.332s] DEBUG:colcon.colcon_core.event_handler.log_command:Invoking command in '/home/xianyu/ws_arm/build/simple_arm': CMAKE_PREFIX_PATH=/opt/ros/humble /usr/bin/cmake --install /home/xianyu/ws_arm/build/simple_arm
[0.343s] Level 1:colcon.colcon_core.environment:create_environment_scripts_only(simple_arm)
[0.344s] DEBUG:colcon.colcon_core.event_handler.log_command:Invoked command in '/home/xianyu/ws_arm/build/simple_arm' returned '0': CMAKE_PREFIX_PATH=/opt/ros/humble /usr/bin/cmake --install /home/xianyu/ws_arm/build/simple_arm
[0.348s] Level 1:colcon.colcon_core.environment:checking '/home/xianyu/ws_arm/install/simple_arm' for CMake module files
[0.349s] Level 1:colcon.colcon_core.environment:checking '/home/xianyu/ws_arm/install/simple_arm' for CMake config files
[0.349s] Level 1:colcon.colcon_core.shell:create_environment_hook('simple_arm', 'cmake_prefix_path')
[0.349s] INFO:colcon.colcon_core.shell:Creating environment hook '/home/xianyu/ws_arm/install/simple_arm/share/simple_arm/hook/cmake_prefix_path.ps1'
[0.350s] INFO:colcon.colcon_core.shell:Creating environment descriptor '/home/xianyu/ws_arm/install/simple_arm/share/simple_arm/hook/cmake_prefix_path.dsv'
[0.351s] INFO:colcon.colcon_core.shell:Creating environment hook '/home/xianyu/ws_arm/install/simple_arm/share/simple_arm/hook/cmake_prefix_path.sh'
[0.352s] Level 1:colcon.colcon_core.environment:checking '/home/xianyu/ws_arm/install/simple_arm/bin'
[0.353s] Level 1:colcon.colcon_core.environment:checking '/home/xianyu/ws_arm/install/simple_arm/lib/pkgconfig/simple_arm.pc'
[0.353s] Level 1:colcon.colcon_core.environment:checking '/home/xianyu/ws_arm/install/simple_arm/lib/python3.10/site-packages'
[0.353s] Level 1:colcon.colcon_core.environment:checking '/home/xianyu/ws_arm/install/simple_arm/bin'
[0.353s] INFO:colcon.colcon_core.shell:Creating package script '/home/xianyu/ws_arm/install/simple_arm/share/simple_arm/package.ps1'
[0.354s] INFO:colcon.colcon_core.shell:Creating package descriptor '/home/xianyu/ws_arm/install/simple_arm/share/simple_arm/package.dsv'
[0.355s] INFO:colcon.colcon_core.shell:Creating package script '/home/xianyu/ws_arm/install/simple_arm/share/simple_arm/package.sh'
[0.356s] INFO:colcon.colcon_core.shell:Creating package script '/home/xianyu/ws_arm/install/simple_arm/share/simple_arm/package.bash'
[0.357s] INFO:colcon.colcon_core.shell:Creating package script '/home/xianyu/ws_arm/install/simple_arm/share/simple_arm/package.zsh'
[0.357s] Level 1:colcon.colcon_core.environment:create_file_with_runtime_dependencies(/home/xianyu/ws_arm/install/simple_arm/share/colcon-core/packages/simple_arm)
[0.358s] Level 1:colcon.colcon_core.environment:create_environment_scripts_only(simple_arm)
[0.358s] Level 1:colcon.colcon_core.environment:checking '/home/xianyu/ws_arm/install/simple_arm' for CMake module files
[0.359s] Level 1:colcon.colcon_core.environment:checking '/home/xianyu/ws_arm/install/simple_arm' for CMake config files
[0.359s] Level 1:colcon.colcon_core.shell:create_environment_hook('simple_arm', 'cmake_prefix_path')
[0.359s] INFO:colcon.colcon_core.shell:Creating environment hook '/home/xianyu/ws_arm/install/simple_arm/share/simple_arm/hook/cmake_prefix_path.ps1'
[0.359s] INFO:colcon.colcon_core.shell:Creating environment descriptor '/home/xianyu/ws_arm/install/simple_arm/share/simple_arm/hook/cmake_prefix_path.dsv'
[0.360s] INFO:colcon.colcon_core.shell:Creating environment hook '/home/xianyu/ws_arm/install/simple_arm/share/simple_arm/hook/cmake_prefix_path.sh'
[0.360s] Level 1:colcon.colcon_core.environment:checking '/home/xianyu/ws_arm/install/simple_arm/bin'
[0.360s] Level 1:colcon.colcon_core.environment:checking '/home/xianyu/ws_arm/install/simple_arm/lib/pkgconfig/simple_arm.pc'
[0.361s] Level 1:colcon.colcon_core.environment:checking '/home/xianyu/ws_arm/install/simple_arm/lib/python3.10/site-packages'
[0.361s] Level 1:colcon.colcon_core.environment:checking '/home/xianyu/ws_arm/install/simple_arm/bin'
[0.361s] INFO:colcon.colcon_core.shell:Creating package script '/home/xianyu/ws_arm/install/simple_arm/share/simple_arm/package.ps1'
[0.361s] INFO:colcon.colcon_core.shell:Creating package descriptor '/home/xianyu/ws_arm/install/simple_arm/share/simple_arm/package.dsv'
[0.362s] INFO:colcon.colcon_core.shell:Creating package script '/home/xianyu/ws_arm/install/simple_arm/share/simple_arm/package.sh'
[0.362s] INFO:colcon.colcon_core.shell:Creating package script '/home/xianyu/ws_arm/install/simple_arm/share/simple_arm/package.bash'
[0.362s] INFO:colcon.colcon_core.shell:Creating package script '/home/xianyu/ws_arm/install/simple_arm/share/simple_arm/package.zsh'
[0.363s] Level 1:colcon.colcon_core.environment:create_file_with_runtime_dependencies(/home/xianyu/ws_arm/install/simple_arm/share/colcon-core/packages/simple_arm)
[0.363s] INFO:colcon.colcon_ros.task.ament_cmake.build:Building ROS package in '/home/xianyu/ws_arm/src/moveit_arm' with build type 'ament_cmake'
[0.363s] INFO:colcon.colcon_cmake.task.cmake.build:Building CMake package in '/home/xianyu/ws_arm/src/moveit_arm'
[0.363s] INFO:colcon.colcon_core.shell:Skip shell extension 'powershell' for command environment: Not usable outside of PowerShell
[0.363s] DEBUG:colcon.colcon_core.shell:Skip shell extension 'dsv' for command environment
[0.370s] DEBUG:colcon.colcon_core.event_handler.log_command:Invoking command in '/home/xianyu/ws_arm/build/moveit_arm': AMENT_PREFIX_PATH=/home/xianyu/ws_arm/install/simple_arm:${AMENT_PREFIX_PATH} CMAKE_PREFIX_PATH=/home/xianyu/ws_arm/install/simple_arm:/opt/ros/humble /usr/bin/cmake --build /home/xianyu/ws_arm/build/moveit_arm -- -j16 -l16
[0.418s] DEBUG:colcon.colcon_core.event_handler.log_command:Invoked command in '/home/xianyu/ws_arm/build/moveit_arm' returned '0': AMENT_PREFIX_PATH=/home/xianyu/ws_arm/install/simple_arm:${AMENT_PREFIX_PATH} CMAKE_PREFIX_PATH=/home/xianyu/ws_arm/install/simple_arm:/opt/ros/humble /usr/bin/cmake --build /home/xianyu/ws_arm/build/moveit_arm -- -j16 -l16
[0.420s] DEBUG:colcon.colcon_core.event_handler.log_command:Invoking command in '/home/xianyu/ws_arm/build/moveit_arm': AMENT_PREFIX_PATH=/home/xianyu/ws_arm/install/simple_arm:${AMENT_PREFIX_PATH} CMAKE_PREFIX_PATH=/home/xianyu/ws_arm/install/simple_arm:/opt/ros/humble /usr/bin/cmake --install /home/xianyu/ws_arm/build/moveit_arm
[0.431s] Level 1:colcon.colcon_core.environment:create_environment_scripts_only(moveit_arm)
[0.431s] DEBUG:colcon.colcon_core.event_handler.log_command:Invoked command in '/home/xianyu/ws_arm/build/moveit_arm' returned '0': AMENT_PREFIX_PATH=/home/xianyu/ws_arm/install/simple_arm:${AMENT_PREFIX_PATH} CMAKE_PREFIX_PATH=/home/xianyu/ws_arm/install/simple_arm:/opt/ros/humble /usr/bin/cmake --install /home/xianyu/ws_arm/build/moveit_arm
[0.432s] Level 1:colcon.colcon_core.environment:checking '/home/xianyu/ws_arm/install/moveit_arm' for CMake module files
[0.432s] Level 1:colcon.colcon_core.environment:checking '/home/xianyu/ws_arm/install/moveit_arm' for CMake config files
[0.433s] Level 1:colcon.colcon_core.shell:create_environment_hook('moveit_arm', 'cmake_prefix_path')
[0.433s] INFO:colcon.colcon_core.shell:Creating environment hook '/home/xianyu/ws_arm/install/moveit_arm/share/moveit_arm/hook/cmake_prefix_path.ps1'
[0.433s] INFO:colcon.colcon_core.shell:Creating environment descriptor '/home/xianyu/ws_arm/install/moveit_arm/share/moveit_arm/hook/cmake_prefix_path.dsv'
[0.434s] INFO:colcon.colcon_core.shell:Creating environment hook '/home/xianyu/ws_arm/install/moveit_arm/share/moveit_arm/hook/cmake_prefix_path.sh'
[0.434s] Level 1:colcon.colcon_core.environment:checking '/home/xianyu/ws_arm/install/moveit_arm/bin'
[0.434s] Level 1:colcon.colcon_core.environment:checking '/home/xianyu/ws_arm/install/moveit_arm/lib/pkgconfig/moveit_arm.pc'
[0.434s] Level 1:colcon.colcon_core.environment:checking '/home/xianyu/ws_arm/install/moveit_arm/lib/python3.10/site-packages'
[0.435s] Level 1:colcon.colcon_core.environment:checking '/home/xianyu/ws_arm/install/moveit_arm/bin'
[0.435s] INFO:colcon.colcon_core.shell:Creating package script '/home/xianyu/ws_arm/install/moveit_arm/share/moveit_arm/package.ps1'
[0.435s] INFO:colcon.colcon_core.shell:Creating package descriptor '/home/xianyu/ws_arm/install/moveit_arm/share/moveit_arm/package.dsv'
[0.435s] INFO:colcon.colcon_core.shell:Creating package script '/home/xianyu/ws_arm/install/moveit_arm/share/moveit_arm/package.sh'
[0.436s] INFO:colcon.colcon_core.shell:Creating package script '/home/xianyu/ws_arm/install/moveit_arm/share/moveit_arm/package.bash'
[0.436s] INFO:colcon.colcon_core.shell:Creating package script '/home/xianyu/ws_arm/install/moveit_arm/share/moveit_arm/package.zsh'
[0.436s] Level 1:colcon.colcon_core.environment:create_file_with_runtime_dependencies(/home/xianyu/ws_arm/install/moveit_arm/share/colcon-core/packages/moveit_arm)
[0.436s] Level 1:colcon.colcon_core.environment:create_environment_scripts_only(moveit_arm)
[0.437s] Level 1:colcon.colcon_core.environment:checking '/home/xianyu/ws_arm/install/moveit_arm' for CMake module files
[0.437s] Level 1:colcon.colcon_core.environment:checking '/home/xianyu/ws_arm/install/moveit_arm' for CMake config files
[0.437s] Level 1:colcon.colcon_core.shell:create_environment_hook('moveit_arm', 'cmake_prefix_path')
[0.437s] INFO:colcon.colcon_core.shell:Creating environment hook '/home/xianyu/ws_arm/install/moveit_arm/share/moveit_arm/hook/cmake_prefix_path.ps1'
[0.437s] INFO:colcon.colcon_core.shell:Creating environment descriptor '/home/xianyu/ws_arm/install/moveit_arm/share/moveit_arm/hook/cmake_prefix_path.dsv'
[0.438s] INFO:colcon.colcon_core.shell:Creating environment hook '/home/xianyu/ws_arm/install/moveit_arm/share/moveit_arm/hook/cmake_prefix_path.sh'
[0.438s] Level 1:colcon.colcon_core.environment:checking '/home/xianyu/ws_arm/install/moveit_arm/bin'
[0.438s] Level 1:colcon.colcon_core.environment:checking '/home/xianyu/ws_arm/install/moveit_arm/lib/pkgconfig/moveit_arm.pc'
[0.438s] Level 1:colcon.colcon_core.environment:checking '/home/xianyu/ws_arm/install/moveit_arm/lib/python3.10/site-packages'
[0.438s] Level 1:colcon.colcon_core.environment:checking '/home/xianyu/ws_arm/install/moveit_arm/bin'
[0.438s] INFO:colcon.colcon_core.shell:Creating package script '/home/xianyu/ws_arm/install/moveit_arm/share/moveit_arm/package.ps1'
[0.439s] INFO:colcon.colcon_core.shell:Creating package descriptor '/home/xianyu/ws_arm/install/moveit_arm/share/moveit_arm/package.dsv'
[0.439s] INFO:colcon.colcon_core.shell:Creating package script '/home/xianyu/ws_arm/install/moveit_arm/share/moveit_arm/package.sh'
[0.439s] INFO:colcon.colcon_core.shell:Creating package script '/home/xianyu/ws_arm/install/moveit_arm/share/moveit_arm/package.bash'
[0.439s] INFO:colcon.colcon_core.shell:Creating package script '/home/xianyu/ws_arm/install/moveit_arm/share/moveit_arm/package.zsh'
[0.440s] Level 1:colcon.colcon_core.environment:create_file_with_runtime_dependencies(/home/xianyu/ws_arm/install/moveit_arm/share/colcon-core/packages/moveit_arm)
[0.440s] DEBUG:colcon.colcon_parallel_executor.executor.parallel:closing loop
[0.440s] DEBUG:colcon.colcon_parallel_executor.executor.parallel:loop closed
[0.440s] DEBUG:colcon.colcon_parallel_executor.executor.parallel:run_until_complete finished with '0'
[0.440s] DEBUG:colcon.colcon_core.event_reactor:joining thread
[0.443s] INFO:colcon.colcon_core.plugin_system:Skipping extension 'colcon_notification.desktop_notification.terminal_notifier': Not used on non-Darwin systems
[0.443s] INFO:colcon.colcon_core.plugin_system:Skipping extension 'colcon_notification.desktop_notification.win32': Not used on non-Windows systems
[0.443s] INFO:colcon.colcon_notification.desktop_notification:Sending desktop notification using 'notify2'
[0.469s] DEBUG:colcon.colcon_core.event_reactor:joined thread
[0.469s] INFO:colcon.colcon_core.shell:Creating prefix script '/home/xianyu/ws_arm/install/local_setup.ps1'
[0.471s] INFO:colcon.colcon_core.shell:Creating prefix util module '/home/xianyu/ws_arm/install/_local_setup_util_ps1.py'
[0.472s] INFO:colcon.colcon_core.shell:Creating prefix chain script '/home/xianyu/ws_arm/install/setup.ps1'
[0.473s] INFO:colcon.colcon_core.shell:Creating prefix script '/home/xianyu/ws_arm/install/local_setup.sh'
[0.474s] INFO:colcon.colcon_core.shell:Creating prefix util module '/home/xianyu/ws_arm/install/_local_setup_util_sh.py'
[0.474s] INFO:colcon.colcon_core.shell:Creating prefix chain script '/home/xianyu/ws_arm/install/setup.sh'
[0.475s] INFO:colcon.colcon_core.shell:Creating prefix script '/home/xianyu/ws_arm/install/local_setup.bash'
[0.475s] INFO:colcon.colcon_core.shell:Creating prefix chain script '/home/xianyu/ws_arm/install/setup.bash'
[0.476s] INFO:colcon.colcon_core.shell:Creating prefix script '/home/xianyu/ws_arm/install/local_setup.zsh'
[0.476s] INFO:colcon.colcon_core.shell:Creating prefix chain script '/home/xianyu/ws_arm/install/setup.zsh'
