[0.076s] DEBUG:colcon:Command line arguments: ['/usr/bin/colcon', 'build']
[0.076s] DEBUG:colcon:Parsed command line arguments: Namespace(log_base=None, log_level=None, verb_name='build', build_base='build', install_base='install', merge_install=False, symlink_install=False, test_result_base=None, continue_on_error=False, executor='parallel', parallel_workers=16, event_handlers=None, ignore_user_meta=False, metas=['./colcon.meta'], base_paths=['.'], packages_ignore=None, packages_ignore_regex=None, paths=None, packages_up_to=None, packages_up_to_regex=None, packages_above=None, packages_above_and_dependencies=None, packages_above_depth=None, packages_select_by_dep=None, packages_skip_by_dep=None, packages_skip_up_to=None, packages_select_build_failed=False, packages_skip_build_finished=False, packages_select_test_failures=False, packages_skip_test_passed=False, packages_select=None, packages_skip=None, packages_select_regex=None, packages_skip_regex=None, packages_start=None, packages_end=None, allow_overriding=[], cmake_args=None, cmake_target=None, cmake_target_skip_unavailable=False, cmake_clean_cache=False, cmake_clean_first=False, cmake_force_configure=False, ament_cmake_args=None, catkin_cmake_args=None, catkin_skip_building_tests=False, mixin_files=None, mixin=None, verb_parser=<colcon_mixin.mixin.mixin_argument.MixinArgumentDecorator object at 0x769992f5abc0>, verb_extension=<colcon_core.verb.build.BuildVerb object at 0x769993077b20>, main=<bound method BuildVerb.main of <colcon_core.verb.build.BuildVerb object at 0x769993077b20>>, mixin_verb=('build',))
[0.176s] Level 1:colcon.colcon_core.package_discovery:discover_packages(colcon_meta) check parameters
[0.176s] Level 1:colcon.colcon_core.package_discovery:discover_packages(recursive) check parameters
[0.176s] Level 1:colcon.colcon_core.package_discovery:discover_packages(ignore) check parameters
[0.176s] Level 1:colcon.colcon_core.package_discovery:discover_packages(path) check parameters
[0.177s] Level 1:colcon.colcon_core.package_discovery:discover_packages(colcon_meta) discover
[0.177s] Level 1:colcon.colcon_core.package_discovery:discover_packages(recursive) discover
[0.177s] INFO:colcon.colcon_core.package_discovery:Crawling recursively for packages in '/home/xianyu/ws_arm'
[0.177s] Level 1:colcon.colcon_core.package_identification:_identify(.) by extensions ['ignore', 'ignore_ament_install']
[0.177s] Level 1:colcon.colcon_core.package_identification:_identify(.) by extension 'ignore'
[0.177s] Level 1:colcon.colcon_core.package_identification:_identify(.) by extension 'ignore_ament_install'
[0.177s] Level 1:colcon.colcon_core.package_identification:_identify(.) by extensions ['colcon_pkg']
[0.177s] Level 1:colcon.colcon_core.package_identification:_identify(.) by extension 'colcon_pkg'
[0.177s] Level 1:colcon.colcon_core.package_identification:_identify(.) by extensions ['colcon_meta']
[0.177s] Level 1:colcon.colcon_core.package_identification:_identify(.) by extension 'colcon_meta'
[0.177s] Level 1:colcon.colcon_core.package_identification:_identify(.) by extensions ['ros']
[0.177s] Level 1:colcon.colcon_core.package_identification:_identify(.) by extension 'ros'
[0.184s] Level 1:colcon.colcon_core.package_identification:_identify(.) by extensions ['cmake', 'python']
[0.184s] Level 1:colcon.colcon_core.package_identification:_identify(.) by extension 'cmake'
[0.184s] Level 1:colcon.colcon_core.package_identification:_identify(.) by extension 'python'
[0.184s] Level 1:colcon.colcon_core.package_identification:_identify(.) by extensions ['python_setup_py']
[0.184s] Level 1:colcon.colcon_core.package_identification:_identify(.) by extension 'python_setup_py'
[0.184s] Level 1:colcon.colcon_core.package_identification:_identify(build) by extensions ['ignore', 'ignore_ament_install']
[0.184s] Level 1:colcon.colcon_core.package_identification:_identify(build) by extension 'ignore'
[0.184s] Level 1:colcon.colcon_core.package_identification:_identify(build) ignored
[0.185s] Level 1:colcon.colcon_core.package_identification:_identify(install) by extensions ['ignore', 'ignore_ament_install']
[0.185s] Level 1:colcon.colcon_core.package_identification:_identify(install) by extension 'ignore'
[0.185s] Level 1:colcon.colcon_core.package_identification:_identify(install) ignored
[0.185s] Level 1:colcon.colcon_core.package_identification:_identify(log) by extensions ['ignore', 'ignore_ament_install']
[0.185s] Level 1:colcon.colcon_core.package_identification:_identify(log) by extension 'ignore'
[0.185s] Level 1:colcon.colcon_core.package_identification:_identify(log) ignored
[0.185s] Level 1:colcon.colcon_core.package_identification:_identify(src) by extensions ['ignore', 'ignore_ament_install']
[0.185s] Level 1:colcon.colcon_core.package_identification:_identify(src) by extension 'ignore'
[0.185s] Level 1:colcon.colcon_core.package_identification:_identify(src) by extension 'ignore_ament_install'
[0.185s] Level 1:colcon.colcon_core.package_identification:_identify(src) by extensions ['colcon_pkg']
[0.185s] Level 1:colcon.colcon_core.package_identification:_identify(src) by extension 'colcon_pkg'
[0.185s] Level 1:colcon.colcon_core.package_identification:_identify(src) by extensions ['colcon_meta']
[0.185s] Level 1:colcon.colcon_core.package_identification:_identify(src) by extension 'colcon_meta'
[0.185s] Level 1:colcon.colcon_core.package_identification:_identify(src) by extensions ['ros']
[0.185s] Level 1:colcon.colcon_core.package_identification:_identify(src) by extension 'ros'
[0.185s] Level 1:colcon.colcon_core.package_identification:_identify(src) by extensions ['cmake', 'python']
[0.185s] Level 1:colcon.colcon_core.package_identification:_identify(src) by extension 'cmake'
[0.185s] Level 1:colcon.colcon_core.package_identification:_identify(src) by extension 'python'
[0.185s] Level 1:colcon.colcon_core.package_identification:_identify(src) by extensions ['python_setup_py']
[0.185s] Level 1:colcon.colcon_core.package_identification:_identify(src) by extension 'python_setup_py'
[0.185s] Level 1:colcon.colcon_core.package_identification:_identify(src/my_arm) by extensions ['ignore', 'ignore_ament_install']
[0.185s] Level 1:colcon.colcon_core.package_identification:_identify(src/my_arm) by extension 'ignore'
[0.185s] Level 1:colcon.colcon_core.package_identification:_identify(src/my_arm) by extension 'ignore_ament_install'
[0.185s] Level 1:colcon.colcon_core.package_identification:_identify(src/my_arm) by extensions ['colcon_pkg']
[0.185s] Level 1:colcon.colcon_core.package_identification:_identify(src/my_arm) by extension 'colcon_pkg'
[0.185s] Level 1:colcon.colcon_core.package_identification:_identify(src/my_arm) by extensions ['colcon_meta']
[0.185s] Level 1:colcon.colcon_core.package_identification:_identify(src/my_arm) by extension 'colcon_meta'
[0.185s] Level 1:colcon.colcon_core.package_identification:_identify(src/my_arm) by extensions ['ros']
[0.185s] Level 1:colcon.colcon_core.package_identification:_identify(src/my_arm) by extension 'ros'
[0.192s] DEBUG:colcon.colcon_core.package_identification:Package 'src/my_arm' with type 'ros.ament_cmake' and name 'my_arm'
[0.192s] Level 1:colcon.colcon_core.package_identification:_identify(src/simple_arm) by extensions ['ignore', 'ignore_ament_install']
[0.193s] Level 1:colcon.colcon_core.package_identification:_identify(src/simple_arm) by extension 'ignore'
[0.193s] Level 1:colcon.colcon_core.package_identification:_identify(src/simple_arm) by extension 'ignore_ament_install'
[0.193s] Level 1:colcon.colcon_core.package_identification:_identify(src/simple_arm) by extensions ['colcon_pkg']
[0.193s] Level 1:colcon.colcon_core.package_identification:_identify(src/simple_arm) by extension 'colcon_pkg'
[0.193s] Level 1:colcon.colcon_core.package_identification:_identify(src/simple_arm) by extensions ['colcon_meta']
[0.193s] Level 1:colcon.colcon_core.package_identification:_identify(src/simple_arm) by extension 'colcon_meta'
[0.193s] Level 1:colcon.colcon_core.package_identification:_identify(src/simple_arm) by extensions ['ros']
[0.193s] Level 1:colcon.colcon_core.package_identification:_identify(src/simple_arm) by extension 'ros'
[0.193s] DEBUG:colcon.colcon_core.package_identification:Package 'src/simple_arm' with type 'ros.ament_cmake' and name 'simple_arm'
[0.193s] Level 1:colcon.colcon_core.package_discovery:discover_packages(recursive) using defaults
[0.193s] Level 1:colcon.colcon_core.package_discovery:discover_packages(ignore) discover
[0.193s] Level 1:colcon.colcon_core.package_discovery:discover_packages(ignore) using defaults
[0.193s] Level 1:colcon.colcon_core.package_discovery:discover_packages(path) discover
[0.193s] Level 1:colcon.colcon_core.package_discovery:discover_packages(path) using defaults
[0.206s] Level 1:colcon.colcon_core.package_discovery:discover_packages(prefix_path) check parameters
[0.206s] Level 1:colcon.colcon_core.package_discovery:discover_packages(prefix_path) discover
[0.207s] DEBUG:colcon.colcon_installed_package_information.package_discovery:Found 1 installed packages in /home/xianyu/ws_arm/install
[0.208s] DEBUG:colcon.colcon_installed_package_information.package_discovery:Found 418 installed packages in /opt/ros/humble
[0.209s] Level 1:colcon.colcon_core.package_discovery:discover_packages(prefix_path) using defaults
[0.239s] Level 5:colcon.colcon_core.verb:set package 'simple_arm' build argument 'cmake_args' from command line to 'None'
[0.239s] Level 5:colcon.colcon_core.verb:set package 'simple_arm' build argument 'cmake_target' from command line to 'None'
[0.239s] Level 5:colcon.colcon_core.verb:set package 'simple_arm' build argument 'cmake_target_skip_unavailable' from command line to 'False'
[0.239s] Level 5:colcon.colcon_core.verb:set package 'simple_arm' build argument 'cmake_clean_cache' from command line to 'False'
[0.239s] Level 5:colcon.colcon_core.verb:set package 'simple_arm' build argument 'cmake_clean_first' from command line to 'False'
[0.239s] Level 5:colcon.colcon_core.verb:set package 'simple_arm' build argument 'cmake_force_configure' from command line to 'False'
[0.239s] Level 5:colcon.colcon_core.verb:set package 'simple_arm' build argument 'ament_cmake_args' from command line to 'None'
[0.239s] Level 5:colcon.colcon_core.verb:set package 'simple_arm' build argument 'catkin_cmake_args' from command line to 'None'
[0.239s] Level 5:colcon.colcon_core.verb:set package 'simple_arm' build argument 'catkin_skip_building_tests' from command line to 'False'
[0.239s] DEBUG:colcon.colcon_core.verb:Building package 'simple_arm' with the following arguments: {'ament_cmake_args': None, 'build_base': '/home/xianyu/ws_arm/build/simple_arm', 'catkin_cmake_args': None, 'catkin_skip_building_tests': False, 'cmake_args': None, 'cmake_clean_cache': False, 'cmake_clean_first': False, 'cmake_force_configure': False, 'cmake_target': None, 'cmake_target_skip_unavailable': False, 'install_base': '/home/xianyu/ws_arm/install/simple_arm', 'merge_install': False, 'path': '/home/xianyu/ws_arm/src/simple_arm', 'symlink_install': False, 'test_result_base': None}
[0.239s] Level 5:colcon.colcon_core.verb:set package 'my_arm' build argument 'cmake_args' from command line to 'None'
[0.239s] Level 5:colcon.colcon_core.verb:set package 'my_arm' build argument 'cmake_target' from command line to 'None'
[0.239s] Level 5:colcon.colcon_core.verb:set package 'my_arm' build argument 'cmake_target_skip_unavailable' from command line to 'False'
[0.239s] Level 5:colcon.colcon_core.verb:set package 'my_arm' build argument 'cmake_clean_cache' from command line to 'False'
[0.239s] Level 5:colcon.colcon_core.verb:set package 'my_arm' build argument 'cmake_clean_first' from command line to 'False'
[0.239s] Level 5:colcon.colcon_core.verb:set package 'my_arm' build argument 'cmake_force_configure' from command line to 'False'
[0.239s] Level 5:colcon.colcon_core.verb:set package 'my_arm' build argument 'ament_cmake_args' from command line to 'None'
[0.239s] Level 5:colcon.colcon_core.verb:set package 'my_arm' build argument 'catkin_cmake_args' from command line to 'None'
[0.239s] Level 5:colcon.colcon_core.verb:set package 'my_arm' build argument 'catkin_skip_building_tests' from command line to 'False'
[0.239s] DEBUG:colcon.colcon_core.verb:Building package 'my_arm' with the following arguments: {'ament_cmake_args': None, 'build_base': '/home/xianyu/ws_arm/build/my_arm', 'catkin_cmake_args': None, 'catkin_skip_building_tests': False, 'cmake_args': None, 'cmake_clean_cache': False, 'cmake_clean_first': False, 'cmake_force_configure': False, 'cmake_target': None, 'cmake_target_skip_unavailable': False, 'install_base': '/home/xianyu/ws_arm/install/my_arm', 'merge_install': False, 'path': '/home/xianyu/ws_arm/src/my_arm', 'symlink_install': False, 'test_result_base': None}
[0.239s] INFO:colcon.colcon_core.executor:Executing jobs using 'parallel' executor
[0.240s] DEBUG:colcon.colcon_parallel_executor.executor.parallel:run_until_complete
[0.240s] INFO:colcon.colcon_ros.task.ament_cmake.build:Building ROS package in '/home/xianyu/ws_arm/src/simple_arm' with build type 'ament_cmake'
[0.240s] INFO:colcon.colcon_cmake.task.cmake.build:Building CMake package in '/home/xianyu/ws_arm/src/simple_arm'
[0.242s] INFO:colcon.colcon_core.plugin_system:Skipping extension 'colcon_core.shell.bat': Not used on non-Windows systems
[0.242s] INFO:colcon.colcon_core.shell:Skip shell extension 'powershell' for command environment: Not usable outside of PowerShell
[0.242s] DEBUG:colcon.colcon_core.shell:Skip shell extension 'dsv' for command environment
[0.248s] DEBUG:colcon.colcon_core.event_handler.log_command:Invoking command in '/home/xianyu/ws_arm/build/simple_arm': CMAKE_PREFIX_PATH=${CMAKE_PREFIX_PATH}:/opt/ros/humble /usr/bin/cmake --build /home/xianyu/ws_arm/build/simple_arm -- -j16 -l16
[0.298s] DEBUG:colcon.colcon_core.event_handler.log_command:Invoked command in '/home/xianyu/ws_arm/build/simple_arm' returned '0': CMAKE_PREFIX_PATH=${CMAKE_PREFIX_PATH}:/opt/ros/humble /usr/bin/cmake --build /home/xianyu/ws_arm/build/simple_arm -- -j16 -l16
[0.310s] DEBUG:colcon.colcon_core.event_handler.log_command:Invoking command in '/home/xianyu/ws_arm/build/simple_arm': CMAKE_PREFIX_PATH=${CMAKE_PREFIX_PATH}:/opt/ros/humble /usr/bin/cmake --install /home/xianyu/ws_arm/build/simple_arm
[0.320s] Level 1:colcon.colcon_core.environment:create_environment_scripts_only(simple_arm)
[0.322s] DEBUG:colcon.colcon_core.event_handler.log_command:Invoked command in '/home/xianyu/ws_arm/build/simple_arm' returned '0': CMAKE_PREFIX_PATH=${CMAKE_PREFIX_PATH}:/opt/ros/humble /usr/bin/cmake --install /home/xianyu/ws_arm/build/simple_arm
[0.325s] Level 1:colcon.colcon_core.environment:checking '/home/xianyu/ws_arm/install/simple_arm' for CMake module files
[0.326s] Level 1:colcon.colcon_core.environment:checking '/home/xianyu/ws_arm/install/simple_arm' for CMake config files
[0.327s] Level 1:colcon.colcon_core.shell:create_environment_hook('simple_arm', 'cmake_prefix_path')
[0.327s] INFO:colcon.colcon_core.shell:Creating environment hook '/home/xianyu/ws_arm/install/simple_arm/share/simple_arm/hook/cmake_prefix_path.ps1'
[0.328s] INFO:colcon.colcon_core.shell:Creating environment descriptor '/home/xianyu/ws_arm/install/simple_arm/share/simple_arm/hook/cmake_prefix_path.dsv'
[0.328s] INFO:colcon.colcon_core.shell:Creating environment hook '/home/xianyu/ws_arm/install/simple_arm/share/simple_arm/hook/cmake_prefix_path.sh'
[0.330s] Level 1:colcon.colcon_core.environment:checking '/home/xianyu/ws_arm/install/simple_arm/bin'
[0.330s] Level 1:colcon.colcon_core.environment:checking '/home/xianyu/ws_arm/install/simple_arm/lib/pkgconfig/simple_arm.pc'
[0.330s] Level 1:colcon.colcon_core.environment:checking '/home/xianyu/ws_arm/install/simple_arm/lib/python3.10/site-packages'
[0.330s] Level 1:colcon.colcon_core.environment:checking '/home/xianyu/ws_arm/install/simple_arm/bin'
[0.331s] INFO:colcon.colcon_core.shell:Creating package script '/home/xianyu/ws_arm/install/simple_arm/share/simple_arm/package.ps1'
[0.332s] INFO:colcon.colcon_core.shell:Creating package descriptor '/home/xianyu/ws_arm/install/simple_arm/share/simple_arm/package.dsv'
[0.332s] INFO:colcon.colcon_core.shell:Creating package script '/home/xianyu/ws_arm/install/simple_arm/share/simple_arm/package.sh'
[0.333s] INFO:colcon.colcon_core.shell:Creating package script '/home/xianyu/ws_arm/install/simple_arm/share/simple_arm/package.bash'
[0.334s] INFO:colcon.colcon_core.shell:Creating package script '/home/xianyu/ws_arm/install/simple_arm/share/simple_arm/package.zsh'
[0.334s] Level 1:colcon.colcon_core.environment:create_file_with_runtime_dependencies(/home/xianyu/ws_arm/install/simple_arm/share/colcon-core/packages/simple_arm)
[0.335s] Level 1:colcon.colcon_core.environment:create_environment_scripts_only(simple_arm)
[0.335s] Level 1:colcon.colcon_core.environment:checking '/home/xianyu/ws_arm/install/simple_arm' for CMake module files
[0.335s] Level 1:colcon.colcon_core.environment:checking '/home/xianyu/ws_arm/install/simple_arm' for CMake config files
[0.336s] Level 1:colcon.colcon_core.shell:create_environment_hook('simple_arm', 'cmake_prefix_path')
[0.336s] INFO:colcon.colcon_core.shell:Creating environment hook '/home/xianyu/ws_arm/install/simple_arm/share/simple_arm/hook/cmake_prefix_path.ps1'
[0.336s] INFO:colcon.colcon_core.shell:Creating environment descriptor '/home/xianyu/ws_arm/install/simple_arm/share/simple_arm/hook/cmake_prefix_path.dsv'
[0.336s] INFO:colcon.colcon_core.shell:Creating environment hook '/home/xianyu/ws_arm/install/simple_arm/share/simple_arm/hook/cmake_prefix_path.sh'
[0.337s] Level 1:colcon.colcon_core.environment:checking '/home/xianyu/ws_arm/install/simple_arm/bin'
[0.337s] Level 1:colcon.colcon_core.environment:checking '/home/xianyu/ws_arm/install/simple_arm/lib/pkgconfig/simple_arm.pc'
[0.337s] Level 1:colcon.colcon_core.environment:checking '/home/xianyu/ws_arm/install/simple_arm/lib/python3.10/site-packages'
[0.337s] Level 1:colcon.colcon_core.environment:checking '/home/xianyu/ws_arm/install/simple_arm/bin'
[0.337s] INFO:colcon.colcon_core.shell:Creating package script '/home/xianyu/ws_arm/install/simple_arm/share/simple_arm/package.ps1'
[0.338s] INFO:colcon.colcon_core.shell:Creating package descriptor '/home/xianyu/ws_arm/install/simple_arm/share/simple_arm/package.dsv'
[0.338s] INFO:colcon.colcon_core.shell:Creating package script '/home/xianyu/ws_arm/install/simple_arm/share/simple_arm/package.sh'
[0.338s] INFO:colcon.colcon_core.shell:Creating package script '/home/xianyu/ws_arm/install/simple_arm/share/simple_arm/package.bash'
[0.338s] INFO:colcon.colcon_core.shell:Creating package script '/home/xianyu/ws_arm/install/simple_arm/share/simple_arm/package.zsh'
[0.339s] Level 1:colcon.colcon_core.environment:create_file_with_runtime_dependencies(/home/xianyu/ws_arm/install/simple_arm/share/colcon-core/packages/simple_arm)
[0.339s] INFO:colcon.colcon_ros.task.ament_cmake.build:Building ROS package in '/home/xianyu/ws_arm/src/my_arm' with build type 'ament_cmake'
[0.339s] INFO:colcon.colcon_cmake.task.cmake.build:Building CMake package in '/home/xianyu/ws_arm/src/my_arm'
[0.339s] INFO:colcon.colcon_core.shell:Skip shell extension 'powershell' for command environment: Not usable outside of PowerShell
[0.339s] DEBUG:colcon.colcon_core.shell:Skip shell extension 'dsv' for command environment
[0.345s] DEBUG:colcon.colcon_core.event_handler.log_command:Invoking command in '/home/xianyu/ws_arm/build/my_arm': CMAKE_PREFIX_PATH=${CMAKE_PREFIX_PATH}:/opt/ros/humble /usr/bin/cmake /home/xianyu/ws_arm/src/my_arm -DCMAKE_INSTALL_PREFIX=/home/xianyu/ws_arm/install/my_arm
[1.013s] DEBUG:colcon.colcon_core.event_handler.log_command:Invoked command in '/home/xianyu/ws_arm/build/my_arm' returned '0': CMAKE_PREFIX_PATH=${CMAKE_PREFIX_PATH}:/opt/ros/humble /usr/bin/cmake /home/xianyu/ws_arm/src/my_arm -DCMAKE_INSTALL_PREFIX=/home/xianyu/ws_arm/install/my_arm
[1.013s] DEBUG:colcon.colcon_core.event_handler.log_command:Invoking command in '/home/xianyu/ws_arm/build/my_arm': CMAKE_PREFIX_PATH=${CMAKE_PREFIX_PATH}:/opt/ros/humble /usr/bin/cmake --build /home/xianyu/ws_arm/build/my_arm -- -j16 -l16
[1.039s] DEBUG:colcon.colcon_core.event_handler.log_command:Invoked command in '/home/xianyu/ws_arm/build/my_arm' returned '0': CMAKE_PREFIX_PATH=${CMAKE_PREFIX_PATH}:/opt/ros/humble /usr/bin/cmake --build /home/xianyu/ws_arm/build/my_arm -- -j16 -l16
[1.040s] DEBUG:colcon.colcon_core.event_handler.log_command:Invoking command in '/home/xianyu/ws_arm/build/my_arm': CMAKE_PREFIX_PATH=${CMAKE_PREFIX_PATH}:/opt/ros/humble /usr/bin/cmake --install /home/xianyu/ws_arm/build/my_arm
[1.049s] Level 1:colcon.colcon_core.environment:create_environment_scripts_only(my_arm)
[1.049s] Level 1:colcon.colcon_core.environment:checking '/home/xianyu/ws_arm/install/my_arm' for CMake module files
[1.049s] DEBUG:colcon.colcon_core.event_handler.log_command:Invoked command in '/home/xianyu/ws_arm/build/my_arm' returned '0': CMAKE_PREFIX_PATH=${CMAKE_PREFIX_PATH}:/opt/ros/humble /usr/bin/cmake --install /home/xianyu/ws_arm/build/my_arm
[1.050s] Level 1:colcon.colcon_core.environment:checking '/home/xianyu/ws_arm/install/my_arm' for CMake config files
[1.050s] Level 1:colcon.colcon_core.shell:create_environment_hook('my_arm', 'cmake_prefix_path')
[1.050s] INFO:colcon.colcon_core.shell:Creating environment hook '/home/xianyu/ws_arm/install/my_arm/share/my_arm/hook/cmake_prefix_path.ps1'
[1.050s] INFO:colcon.colcon_core.shell:Creating environment descriptor '/home/xianyu/ws_arm/install/my_arm/share/my_arm/hook/cmake_prefix_path.dsv'
[1.051s] INFO:colcon.colcon_core.shell:Creating environment hook '/home/xianyu/ws_arm/install/my_arm/share/my_arm/hook/cmake_prefix_path.sh'
[1.051s] Level 1:colcon.colcon_core.environment:checking '/home/xianyu/ws_arm/install/my_arm/bin'
[1.051s] Level 1:colcon.colcon_core.environment:checking '/home/xianyu/ws_arm/install/my_arm/lib/pkgconfig/my_arm.pc'
[1.051s] Level 1:colcon.colcon_core.environment:checking '/home/xianyu/ws_arm/install/my_arm/lib/python3.10/site-packages'
[1.051s] Level 1:colcon.colcon_core.environment:checking '/home/xianyu/ws_arm/install/my_arm/bin'
[1.051s] INFO:colcon.colcon_core.shell:Creating package script '/home/xianyu/ws_arm/install/my_arm/share/my_arm/package.ps1'
[1.052s] INFO:colcon.colcon_core.shell:Creating package descriptor '/home/xianyu/ws_arm/install/my_arm/share/my_arm/package.dsv'
[1.052s] INFO:colcon.colcon_core.shell:Creating package script '/home/xianyu/ws_arm/install/my_arm/share/my_arm/package.sh'
[1.052s] INFO:colcon.colcon_core.shell:Creating package script '/home/xianyu/ws_arm/install/my_arm/share/my_arm/package.bash'
[1.052s] INFO:colcon.colcon_core.shell:Creating package script '/home/xianyu/ws_arm/install/my_arm/share/my_arm/package.zsh'
[1.052s] Level 1:colcon.colcon_core.environment:create_file_with_runtime_dependencies(/home/xianyu/ws_arm/install/my_arm/share/colcon-core/packages/my_arm)
[1.053s] Level 1:colcon.colcon_core.environment:create_environment_scripts_only(my_arm)
[1.053s] Level 1:colcon.colcon_core.environment:checking '/home/xianyu/ws_arm/install/my_arm' for CMake module files
[1.053s] Level 1:colcon.colcon_core.environment:checking '/home/xianyu/ws_arm/install/my_arm' for CMake config files
[1.053s] Level 1:colcon.colcon_core.shell:create_environment_hook('my_arm', 'cmake_prefix_path')
[1.053s] INFO:colcon.colcon_core.shell:Creating environment hook '/home/xianyu/ws_arm/install/my_arm/share/my_arm/hook/cmake_prefix_path.ps1'
[1.054s] INFO:colcon.colcon_core.shell:Creating environment descriptor '/home/xianyu/ws_arm/install/my_arm/share/my_arm/hook/cmake_prefix_path.dsv'
[1.054s] INFO:colcon.colcon_core.shell:Creating environment hook '/home/xianyu/ws_arm/install/my_arm/share/my_arm/hook/cmake_prefix_path.sh'
[1.054s] Level 1:colcon.colcon_core.environment:checking '/home/xianyu/ws_arm/install/my_arm/bin'
[1.054s] Level 1:colcon.colcon_core.environment:checking '/home/xianyu/ws_arm/install/my_arm/lib/pkgconfig/my_arm.pc'
[1.054s] Level 1:colcon.colcon_core.environment:checking '/home/xianyu/ws_arm/install/my_arm/lib/python3.10/site-packages'
[1.054s] Level 1:colcon.colcon_core.environment:checking '/home/xianyu/ws_arm/install/my_arm/bin'
[1.055s] INFO:colcon.colcon_core.shell:Creating package script '/home/xianyu/ws_arm/install/my_arm/share/my_arm/package.ps1'
[1.055s] INFO:colcon.colcon_core.shell:Creating package descriptor '/home/xianyu/ws_arm/install/my_arm/share/my_arm/package.dsv'
[1.055s] INFO:colcon.colcon_core.shell:Creating package script '/home/xianyu/ws_arm/install/my_arm/share/my_arm/package.sh'
[1.055s] INFO:colcon.colcon_core.shell:Creating package script '/home/xianyu/ws_arm/install/my_arm/share/my_arm/package.bash'
[1.056s] INFO:colcon.colcon_core.shell:Creating package script '/home/xianyu/ws_arm/install/my_arm/share/my_arm/package.zsh'
[1.056s] Level 1:colcon.colcon_core.environment:create_file_with_runtime_dependencies(/home/xianyu/ws_arm/install/my_arm/share/colcon-core/packages/my_arm)
[1.056s] DEBUG:colcon.colcon_parallel_executor.executor.parallel:closing loop
[1.056s] DEBUG:colcon.colcon_parallel_executor.executor.parallel:loop closed
[1.056s] DEBUG:colcon.colcon_parallel_executor.executor.parallel:run_until_complete finished with '0'
[1.056s] DEBUG:colcon.colcon_core.event_reactor:joining thread
[1.060s] INFO:colcon.colcon_core.plugin_system:Skipping extension 'colcon_notification.desktop_notification.terminal_notifier': Not used on non-Darwin systems
[1.060s] INFO:colcon.colcon_core.plugin_system:Skipping extension 'colcon_notification.desktop_notification.win32': Not used on non-Windows systems
[1.060s] INFO:colcon.colcon_notification.desktop_notification:Sending desktop notification using 'notify2'
[1.073s] DEBUG:colcon.colcon_core.event_reactor:joined thread
[1.073s] INFO:colcon.colcon_core.shell:Creating prefix script '/home/xianyu/ws_arm/install/local_setup.ps1'
[1.075s] INFO:colcon.colcon_core.shell:Creating prefix util module '/home/xianyu/ws_arm/install/_local_setup_util_ps1.py'
[1.076s] INFO:colcon.colcon_core.shell:Creating prefix chain script '/home/xianyu/ws_arm/install/setup.ps1'
[1.077s] INFO:colcon.colcon_core.shell:Creating prefix script '/home/xianyu/ws_arm/install/local_setup.sh'
[1.077s] INFO:colcon.colcon_core.shell:Creating prefix util module '/home/xianyu/ws_arm/install/_local_setup_util_sh.py'
[1.078s] INFO:colcon.colcon_core.shell:Creating prefix chain script '/home/xianyu/ws_arm/install/setup.sh'
[1.078s] INFO:colcon.colcon_core.shell:Creating prefix script '/home/xianyu/ws_arm/install/local_setup.bash'
[1.079s] INFO:colcon.colcon_core.shell:Creating prefix chain script '/home/xianyu/ws_arm/install/setup.bash'
[1.079s] INFO:colcon.colcon_core.shell:Creating prefix script '/home/xianyu/ws_arm/install/local_setup.zsh'
[1.080s] INFO:colcon.colcon_core.shell:Creating prefix chain script '/home/xianyu/ws_arm/install/setup.zsh'
