[0.007s] Invoking command in '/home/xianyu/ws_arm/build/simple_arm': CMAKE_PREFIX_PATH=/opt/ros/humble /usr/bin/cmake /home/xianyu/ws_arm/src/simple_arm -DCMAKE_INSTALL_PREFIX=/home/xianyu/ws_arm/install/simple_arm
[0.105s] -- The C compiler identification is GNU 11.4.0
[0.203s] -- The CXX compiler identification is GNU 11.4.0
[0.213s] -- Detecting C compiler ABI info
[0.299s] -- Detecting C compiler ABI info - done
[0.309s] -- Check for working C compiler: /usr/bin/cc - skipped
[0.310s] -- Detecting C compile features
[0.311s] -- Detecting C compile features - done
[0.314s] -- Detecting CXX compiler ABI info
[0.402s] -- Detecting CXX compiler ABI info - done
[0.408s] -- Check for working CXX compiler: /usr/bin/c++ - skipped
[0.408s] -- Detecting CXX compile features
[0.409s] -- Detecting CXX compile features - done
[0.415s] -- Found ament_cmake: 1.3.11 (/opt/ros/humble/share/ament_cmake/cmake)
[0.562s] -- Found Python3: /usr/bin/python3 (found version "3.10.12") found components: Interpreter 
[0.642s] -- Found ament_lint_auto: 0.12.12 (/opt/ros/humble/share/ament_lint_auto/cmake)
[0.703s] -- Added test 'flake8' to check Python code syntax and style conventions
[0.703s] -- Added test 'lint_cmake' to check CMake code style
[0.704s] -- Added test 'pep257' to check Python code against some of the docstring style conventions in PEP 257
[0.704s] -- Added test 'xmllint' to check XML markup files
[0.705s] -- Configuring done
[0.707s] -- Generating done
[0.708s] -- Build files have been written to: /home/xianyu/ws_arm/build/simple_arm
[0.711s] Invoked command in '/home/xianyu/ws_arm/build/simple_arm' returned '0': CMAKE_PREFIX_PATH=/opt/ros/humble /usr/bin/cmake /home/xianyu/ws_arm/src/simple_arm -DCMAKE_INSTALL_PREFIX=/home/xianyu/ws_arm/install/simple_arm
[0.712s] Invoking command in '/home/xianyu/ws_arm/build/simple_arm': CMAKE_PREFIX_PATH=/opt/ros/humble /usr/bin/cmake --build /home/xianyu/ws_arm/build/simple_arm -- -j16 -l16
[0.742s] Invoked command in '/home/xianyu/ws_arm/build/simple_arm' returned '0': CMAKE_PREFIX_PATH=/opt/ros/humble /usr/bin/cmake --build /home/xianyu/ws_arm/build/simple_arm -- -j16 -l16
[0.754s] Invoking command in '/home/xianyu/ws_arm/build/simple_arm': CMAKE_PREFIX_PATH=/opt/ros/humble /usr/bin/cmake --install /home/xianyu/ws_arm/build/simple_arm
[0.763s] -- Install configuration: ""
[0.763s] -- Installing: /home/xianyu/ws_arm/install/simple_arm/share/simple_arm/images
[0.764s] -- Installing: /home/xianyu/ws_arm/install/simple_arm/share/simple_arm/launch
[0.764s] -- Installing: /home/xianyu/ws_arm/install/simple_arm/share/simple_arm/launch/gazebo.launch
[0.764s] -- Installing: /home/xianyu/ws_arm/install/simple_arm/share/simple_arm/launch/display.launch.py
[0.764s] -- Installing: /home/xianyu/ws_arm/install/simple_arm/share/simple_arm/meshes
[0.764s] -- Installing: /home/xianyu/ws_arm/install/simple_arm/share/simple_arm/meshes/P2_Link.STL
[0.764s] -- Installing: /home/xianyu/ws_arm/install/simple_arm/share/simple_arm/meshes/base_link.STL
[0.764s] -- Installing: /home/xianyu/ws_arm/install/simple_arm/share/simple_arm/meshes/P1_Link.STL
[0.764s] -- Installing: /home/xianyu/ws_arm/install/simple_arm/share/simple_arm/meshes/yaw_Link.STL
[0.764s] -- Installing: /home/xianyu/ws_arm/install/simple_arm/share/simple_arm/meshes/Roll_Link.STL
[0.764s] -- Installing: /home/xianyu/ws_arm/install/simple_arm/share/simple_arm/meshes/Minip_Link.STL
[0.764s] -- Installing: /home/xianyu/ws_arm/install/simple_arm/share/simple_arm/meshes/Minir_Link.STL
[0.764s] -- Installing: /home/xianyu/ws_arm/install/simple_arm/share/simple_arm/rviz
[0.765s] -- Installing: /home/xianyu/ws_arm/install/simple_arm/share/simple_arm/rviz/urdf.rviz
[0.765s] -- Installing: /home/xianyu/ws_arm/install/simple_arm/share/simple_arm/urdf
[0.765s] -- Installing: /home/xianyu/ws_arm/install/simple_arm/share/simple_arm/urdf/simple_arm.urdf
[0.765s] -- Installing: /home/xianyu/ws_arm/install/simple_arm/share/simple_arm/urdf/simple_arm.csv
[0.765s] -- Installing: /home/xianyu/ws_arm/install/simple_arm/share/ament_index/resource_index/package_run_dependencies/simple_arm
[0.765s] -- Installing: /home/xianyu/ws_arm/install/simple_arm/share/ament_index/resource_index/parent_prefix_path/simple_arm
[0.765s] -- Installing: /home/xianyu/ws_arm/install/simple_arm/share/simple_arm/environment/ament_prefix_path.sh
[0.765s] -- Installing: /home/xianyu/ws_arm/install/simple_arm/share/simple_arm/environment/ament_prefix_path.dsv
[0.765s] -- Installing: /home/xianyu/ws_arm/install/simple_arm/share/simple_arm/environment/path.sh
[0.765s] -- Installing: /home/xianyu/ws_arm/install/simple_arm/share/simple_arm/environment/path.dsv
[0.766s] -- Installing: /home/xianyu/ws_arm/install/simple_arm/share/simple_arm/local_setup.bash
[0.766s] -- Installing: /home/xianyu/ws_arm/install/simple_arm/share/simple_arm/local_setup.sh
[0.766s] -- Installing: /home/xianyu/ws_arm/install/simple_arm/share/simple_arm/local_setup.zsh
[0.766s] -- Installing: /home/xianyu/ws_arm/install/simple_arm/share/simple_arm/local_setup.dsv
[0.766s] -- Installing: /home/xianyu/ws_arm/install/simple_arm/share/simple_arm/package.dsv
[0.766s] -- Installing: /home/xianyu/ws_arm/install/simple_arm/share/ament_index/resource_index/packages/simple_arm
[0.766s] -- Installing: /home/xianyu/ws_arm/install/simple_arm/share/simple_arm/cmake/simple_armConfig.cmake
[0.766s] -- Installing: /home/xianyu/ws_arm/install/simple_arm/share/simple_arm/cmake/simple_armConfig-version.cmake
[0.766s] -- Installing: /home/xianyu/ws_arm/install/simple_arm/share/simple_arm/package.xml
[0.768s] Invoked command in '/home/xianyu/ws_arm/build/simple_arm' returned '0': CMAKE_PREFIX_PATH=/opt/ros/humble /usr/bin/cmake --install /home/xianyu/ws_arm/build/simple_arm
