[0.086s] DEBUG:colcon:Command line arguments: ['/usr/bin/colcon', 'build']
[0.086s] DEBUG:colcon:Parsed command line arguments: Namespace(log_base=None, log_level=None, verb_name='build', build_base='build', install_base='install', merge_install=False, symlink_install=False, test_result_base=None, continue_on_error=False, executor='parallel', parallel_workers=16, event_handlers=None, ignore_user_meta=False, metas=['./colcon.meta'], base_paths=['.'], packages_ignore=None, packages_ignore_regex=None, paths=None, packages_up_to=None, packages_up_to_regex=None, packages_above=None, packages_above_and_dependencies=None, packages_above_depth=None, packages_select_by_dep=None, packages_skip_by_dep=None, packages_skip_up_to=None, packages_select_build_failed=False, packages_skip_build_finished=False, packages_select_test_failures=False, packages_skip_test_passed=False, packages_select=None, packages_skip=None, packages_select_regex=None, packages_skip_regex=None, packages_start=None, packages_end=None, allow_overriding=[], cmake_args=None, cmake_target=None, cmake_target_skip_unavailable=False, cmake_clean_cache=False, cmake_clean_first=False, cmake_force_configure=False, ament_cmake_args=None, catkin_cmake_args=None, catkin_skip_building_tests=False, mixin_files=None, mixin=None, verb_parser=<colcon_mixin.mixin.mixin_argument.MixinArgumentDecorator object at 0x7aedbda6ebc0>, verb_extension=<colcon_core.verb.build.BuildVerb object at 0x7aedbdb8bb20>, main=<bound method BuildVerb.main of <colcon_core.verb.build.BuildVerb object at 0x7aedbdb8bb20>>, mixin_verb=('build',))
[0.188s] Level 1:colcon.colcon_core.package_discovery:discover_packages(colcon_meta) check parameters
[0.188s] Level 1:colcon.colcon_core.package_discovery:discover_packages(recursive) check parameters
[0.188s] Level 1:colcon.colcon_core.package_discovery:discover_packages(ignore) check parameters
[0.188s] Level 1:colcon.colcon_core.package_discovery:discover_packages(path) check parameters
[0.188s] Level 1:colcon.colcon_core.package_discovery:discover_packages(colcon_meta) discover
[0.188s] Level 1:colcon.colcon_core.package_discovery:discover_packages(recursive) discover
[0.188s] INFO:colcon.colcon_core.package_discovery:Crawling recursively for packages in '/home/xianyu/ws_arm/src'
[0.188s] Level 1:colcon.colcon_core.package_identification:_identify(.) by extensions ['ignore', 'ignore_ament_install']
[0.188s] Level 1:colcon.colcon_core.package_identification:_identify(.) by extension 'ignore'
[0.188s] Level 1:colcon.colcon_core.package_identification:_identify(.) by extension 'ignore_ament_install'
[0.189s] Level 1:colcon.colcon_core.package_identification:_identify(.) by extensions ['colcon_pkg']
[0.189s] Level 1:colcon.colcon_core.package_identification:_identify(.) by extension 'colcon_pkg'
[0.189s] Level 1:colcon.colcon_core.package_identification:_identify(.) by extensions ['colcon_meta']
[0.189s] Level 1:colcon.colcon_core.package_identification:_identify(.) by extension 'colcon_meta'
[0.189s] Level 1:colcon.colcon_core.package_identification:_identify(.) by extensions ['ros']
[0.189s] Level 1:colcon.colcon_core.package_identification:_identify(.) by extension 'ros'
[0.196s] Level 1:colcon.colcon_core.package_identification:_identify(.) by extensions ['cmake', 'python']
[0.196s] Level 1:colcon.colcon_core.package_identification:_identify(.) by extension 'cmake'
[0.196s] Level 1:colcon.colcon_core.package_identification:_identify(.) by extension 'python'
[0.196s] Level 1:colcon.colcon_core.package_identification:_identify(.) by extensions ['python_setup_py']
[0.196s] Level 1:colcon.colcon_core.package_identification:_identify(.) by extension 'python_setup_py'
[0.196s] Level 1:colcon.colcon_core.package_identification:_identify(build) by extensions ['ignore', 'ignore_ament_install']
[0.196s] Level 1:colcon.colcon_core.package_identification:_identify(build) by extension 'ignore'
[0.196s] Level 1:colcon.colcon_core.package_identification:_identify(build) ignored
[0.196s] Level 1:colcon.colcon_core.package_identification:_identify(install) by extensions ['ignore', 'ignore_ament_install']
[0.196s] Level 1:colcon.colcon_core.package_identification:_identify(install) by extension 'ignore'
[0.196s] Level 1:colcon.colcon_core.package_identification:_identify(install) ignored
[0.196s] Level 1:colcon.colcon_core.package_identification:_identify(log) by extensions ['ignore', 'ignore_ament_install']
[0.196s] Level 1:colcon.colcon_core.package_identification:_identify(log) by extension 'ignore'
[0.196s] Level 1:colcon.colcon_core.package_identification:_identify(log) ignored
[0.196s] Level 1:colcon.colcon_core.package_identification:_identify(moveit_arm) by extensions ['ignore', 'ignore_ament_install']
[0.196s] Level 1:colcon.colcon_core.package_identification:_identify(moveit_arm) by extension 'ignore'
[0.197s] Level 1:colcon.colcon_core.package_identification:_identify(moveit_arm) by extension 'ignore_ament_install'
[0.197s] Level 1:colcon.colcon_core.package_identification:_identify(moveit_arm) by extensions ['colcon_pkg']
[0.197s] Level 1:colcon.colcon_core.package_identification:_identify(moveit_arm) by extension 'colcon_pkg'
[0.197s] Level 1:colcon.colcon_core.package_identification:_identify(moveit_arm) by extensions ['colcon_meta']
[0.197s] Level 1:colcon.colcon_core.package_identification:_identify(moveit_arm) by extension 'colcon_meta'
[0.197s] Level 1:colcon.colcon_core.package_identification:_identify(moveit_arm) by extensions ['ros']
[0.197s] Level 1:colcon.colcon_core.package_identification:_identify(moveit_arm) by extension 'ros'
[0.203s] DEBUG:colcon.colcon_core.package_identification:Package 'moveit_arm' with type 'ros.ament_cmake' and name 'moveit_arm'
[0.203s] Level 1:colcon.colcon_core.package_identification:_identify(simple_arm) by extensions ['ignore', 'ignore_ament_install']
[0.203s] Level 1:colcon.colcon_core.package_identification:_identify(simple_arm) by extension 'ignore'
[0.203s] Level 1:colcon.colcon_core.package_identification:_identify(simple_arm) by extension 'ignore_ament_install'
[0.203s] Level 1:colcon.colcon_core.package_identification:_identify(simple_arm) by extensions ['colcon_pkg']
[0.203s] Level 1:colcon.colcon_core.package_identification:_identify(simple_arm) by extension 'colcon_pkg'
[0.203s] Level 1:colcon.colcon_core.package_identification:_identify(simple_arm) by extensions ['colcon_meta']
[0.203s] Level 1:colcon.colcon_core.package_identification:_identify(simple_arm) by extension 'colcon_meta'
[0.203s] Level 1:colcon.colcon_core.package_identification:_identify(simple_arm) by extensions ['ros']
[0.203s] Level 1:colcon.colcon_core.package_identification:_identify(simple_arm) by extension 'ros'
[0.204s] DEBUG:colcon.colcon_core.package_identification:Package 'simple_arm' with type 'ros.ament_cmake' and name 'simple_arm'
[0.204s] Level 1:colcon.colcon_core.package_discovery:discover_packages(recursive) using defaults
[0.204s] Level 1:colcon.colcon_core.package_discovery:discover_packages(ignore) discover
[0.204s] Level 1:colcon.colcon_core.package_discovery:discover_packages(ignore) using defaults
[0.204s] Level 1:colcon.colcon_core.package_discovery:discover_packages(path) discover
[0.204s] Level 1:colcon.colcon_core.package_discovery:discover_packages(path) using defaults
[0.216s] Level 1:colcon.colcon_core.package_discovery:discover_packages(prefix_path) check parameters
[0.216s] Level 1:colcon.colcon_core.package_discovery:discover_packages(prefix_path) discover
[0.217s] DEBUG:colcon.colcon_installed_package_information.package_discovery:Found 2 installed packages in /home/xianyu/ws_arm/src/install
[0.218s] DEBUG:colcon.colcon_installed_package_information.package_discovery:Found 418 installed packages in /opt/ros/humble
[0.219s] Level 1:colcon.colcon_core.package_discovery:discover_packages(prefix_path) using defaults
[0.248s] Level 5:colcon.colcon_core.verb:set package 'simple_arm' build argument 'cmake_args' from command line to 'None'
[0.248s] Level 5:colcon.colcon_core.verb:set package 'simple_arm' build argument 'cmake_target' from command line to 'None'
[0.248s] Level 5:colcon.colcon_core.verb:set package 'simple_arm' build argument 'cmake_target_skip_unavailable' from command line to 'False'
[0.248s] Level 5:colcon.colcon_core.verb:set package 'simple_arm' build argument 'cmake_clean_cache' from command line to 'False'
[0.248s] Level 5:colcon.colcon_core.verb:set package 'simple_arm' build argument 'cmake_clean_first' from command line to 'False'
[0.248s] Level 5:colcon.colcon_core.verb:set package 'simple_arm' build argument 'cmake_force_configure' from command line to 'False'
[0.248s] Level 5:colcon.colcon_core.verb:set package 'simple_arm' build argument 'ament_cmake_args' from command line to 'None'
[0.248s] Level 5:colcon.colcon_core.verb:set package 'simple_arm' build argument 'catkin_cmake_args' from command line to 'None'
[0.248s] Level 5:colcon.colcon_core.verb:set package 'simple_arm' build argument 'catkin_skip_building_tests' from command line to 'False'
[0.248s] DEBUG:colcon.colcon_core.verb:Building package 'simple_arm' with the following arguments: {'ament_cmake_args': None, 'build_base': '/home/xianyu/ws_arm/src/build/simple_arm', 'catkin_cmake_args': None, 'catkin_skip_building_tests': False, 'cmake_args': None, 'cmake_clean_cache': False, 'cmake_clean_first': False, 'cmake_force_configure': False, 'cmake_target': None, 'cmake_target_skip_unavailable': False, 'install_base': '/home/xianyu/ws_arm/src/install/simple_arm', 'merge_install': False, 'path': '/home/xianyu/ws_arm/src/simple_arm', 'symlink_install': False, 'test_result_base': None}
[0.248s] Level 5:colcon.colcon_core.verb:set package 'moveit_arm' build argument 'cmake_args' from command line to 'None'
[0.249s] Level 5:colcon.colcon_core.verb:set package 'moveit_arm' build argument 'cmake_target' from command line to 'None'
[0.249s] Level 5:colcon.colcon_core.verb:set package 'moveit_arm' build argument 'cmake_target_skip_unavailable' from command line to 'False'
[0.249s] Level 5:colcon.colcon_core.verb:set package 'moveit_arm' build argument 'cmake_clean_cache' from command line to 'False'
[0.249s] Level 5:colcon.colcon_core.verb:set package 'moveit_arm' build argument 'cmake_clean_first' from command line to 'False'
[0.249s] Level 5:colcon.colcon_core.verb:set package 'moveit_arm' build argument 'cmake_force_configure' from command line to 'False'
[0.249s] Level 5:colcon.colcon_core.verb:set package 'moveit_arm' build argument 'ament_cmake_args' from command line to 'None'
[0.249s] Level 5:colcon.colcon_core.verb:set package 'moveit_arm' build argument 'catkin_cmake_args' from command line to 'None'
[0.249s] Level 5:colcon.colcon_core.verb:set package 'moveit_arm' build argument 'catkin_skip_building_tests' from command line to 'False'
[0.249s] DEBUG:colcon.colcon_core.verb:Building package 'moveit_arm' with the following arguments: {'ament_cmake_args': None, 'build_base': '/home/xianyu/ws_arm/src/build/moveit_arm', 'catkin_cmake_args': None, 'catkin_skip_building_tests': False, 'cmake_args': None, 'cmake_clean_cache': False, 'cmake_clean_first': False, 'cmake_force_configure': False, 'cmake_target': None, 'cmake_target_skip_unavailable': False, 'install_base': '/home/xianyu/ws_arm/src/install/moveit_arm', 'merge_install': False, 'path': '/home/xianyu/ws_arm/src/moveit_arm', 'symlink_install': False, 'test_result_base': None}
[0.249s] INFO:colcon.colcon_core.executor:Executing jobs using 'parallel' executor
[0.249s] DEBUG:colcon.colcon_parallel_executor.executor.parallel:run_until_complete
[0.250s] INFO:colcon.colcon_ros.task.ament_cmake.build:Building ROS package in '/home/xianyu/ws_arm/src/simple_arm' with build type 'ament_cmake'
[0.250s] INFO:colcon.colcon_cmake.task.cmake.build:Building CMake package in '/home/xianyu/ws_arm/src/simple_arm'
[0.251s] INFO:colcon.colcon_core.plugin_system:Skipping extension 'colcon_core.shell.bat': Not used on non-Windows systems
[0.251s] INFO:colcon.colcon_core.shell:Skip shell extension 'powershell' for command environment: Not usable outside of PowerShell
[0.251s] DEBUG:colcon.colcon_core.shell:Skip shell extension 'dsv' for command environment
[0.257s] DEBUG:colcon.colcon_core.event_handler.log_command:Invoking command in '/home/xianyu/ws_arm/src/build/simple_arm': CMAKE_PREFIX_PATH=${CMAKE_PREFIX_PATH}:/opt/ros/humble /usr/bin/cmake --build /home/xianyu/ws_arm/src/build/simple_arm -- -j16 -l16
[0.290s] DEBUG:colcon.colcon_core.event_handler.log_command:Invoked command in '/home/xianyu/ws_arm/src/build/simple_arm' returned '0': CMAKE_PREFIX_PATH=${CMAKE_PREFIX_PATH}:/opt/ros/humble /usr/bin/cmake --build /home/xianyu/ws_arm/src/build/simple_arm -- -j16 -l16
[0.302s] DEBUG:colcon.colcon_core.event_handler.log_command:Invoking command in '/home/xianyu/ws_arm/src/build/simple_arm': CMAKE_PREFIX_PATH=${CMAKE_PREFIX_PATH}:/opt/ros/humble /usr/bin/cmake --install /home/xianyu/ws_arm/src/build/simple_arm
[0.310s] Level 1:colcon.colcon_core.environment:create_environment_scripts_only(simple_arm)
[0.310s] DEBUG:colcon.colcon_core.event_handler.log_command:Invoked command in '/home/xianyu/ws_arm/src/build/simple_arm' returned '0': CMAKE_PREFIX_PATH=${CMAKE_PREFIX_PATH}:/opt/ros/humble /usr/bin/cmake --install /home/xianyu/ws_arm/src/build/simple_arm
[0.312s] Level 1:colcon.colcon_core.environment:checking '/home/xianyu/ws_arm/src/install/simple_arm' for CMake module files
[0.313s] Level 1:colcon.colcon_core.environment:checking '/home/xianyu/ws_arm/src/install/simple_arm' for CMake config files
[0.313s] Level 1:colcon.colcon_core.shell:create_environment_hook('simple_arm', 'cmake_prefix_path')
[0.313s] INFO:colcon.colcon_core.shell:Creating environment hook '/home/xianyu/ws_arm/src/install/simple_arm/share/simple_arm/hook/cmake_prefix_path.ps1'
[0.314s] INFO:colcon.colcon_core.shell:Creating environment descriptor '/home/xianyu/ws_arm/src/install/simple_arm/share/simple_arm/hook/cmake_prefix_path.dsv'
[0.315s] INFO:colcon.colcon_core.shell:Creating environment hook '/home/xianyu/ws_arm/src/install/simple_arm/share/simple_arm/hook/cmake_prefix_path.sh'
[0.316s] Level 1:colcon.colcon_core.environment:checking '/home/xianyu/ws_arm/src/install/simple_arm/bin'
[0.316s] Level 1:colcon.colcon_core.environment:checking '/home/xianyu/ws_arm/src/install/simple_arm/lib/pkgconfig/simple_arm.pc'
[0.316s] Level 1:colcon.colcon_core.environment:checking '/home/xianyu/ws_arm/src/install/simple_arm/lib/python3.10/site-packages'
[0.316s] Level 1:colcon.colcon_core.environment:checking '/home/xianyu/ws_arm/src/install/simple_arm/bin'
[0.316s] INFO:colcon.colcon_core.shell:Creating package script '/home/xianyu/ws_arm/src/install/simple_arm/share/simple_arm/package.ps1'
[0.317s] INFO:colcon.colcon_core.shell:Creating package descriptor '/home/xianyu/ws_arm/src/install/simple_arm/share/simple_arm/package.dsv'
[0.317s] INFO:colcon.colcon_core.shell:Creating package script '/home/xianyu/ws_arm/src/install/simple_arm/share/simple_arm/package.sh'
[0.317s] INFO:colcon.colcon_core.shell:Creating package script '/home/xianyu/ws_arm/src/install/simple_arm/share/simple_arm/package.bash'
[0.318s] INFO:colcon.colcon_core.shell:Creating package script '/home/xianyu/ws_arm/src/install/simple_arm/share/simple_arm/package.zsh'
[0.318s] Level 1:colcon.colcon_core.environment:create_file_with_runtime_dependencies(/home/xianyu/ws_arm/src/install/simple_arm/share/colcon-core/packages/simple_arm)
[0.319s] Level 1:colcon.colcon_core.environment:create_environment_scripts_only(simple_arm)
[0.319s] Level 1:colcon.colcon_core.environment:checking '/home/xianyu/ws_arm/src/install/simple_arm' for CMake module files
[0.319s] Level 1:colcon.colcon_core.environment:checking '/home/xianyu/ws_arm/src/install/simple_arm' for CMake config files
[0.319s] Level 1:colcon.colcon_core.shell:create_environment_hook('simple_arm', 'cmake_prefix_path')
[0.319s] INFO:colcon.colcon_core.shell:Creating environment hook '/home/xianyu/ws_arm/src/install/simple_arm/share/simple_arm/hook/cmake_prefix_path.ps1'
[0.319s] INFO:colcon.colcon_core.shell:Creating environment descriptor '/home/xianyu/ws_arm/src/install/simple_arm/share/simple_arm/hook/cmake_prefix_path.dsv'
[0.320s] INFO:colcon.colcon_core.shell:Creating environment hook '/home/xianyu/ws_arm/src/install/simple_arm/share/simple_arm/hook/cmake_prefix_path.sh'
[0.320s] Level 1:colcon.colcon_core.environment:checking '/home/xianyu/ws_arm/src/install/simple_arm/bin'
[0.320s] Level 1:colcon.colcon_core.environment:checking '/home/xianyu/ws_arm/src/install/simple_arm/lib/pkgconfig/simple_arm.pc'
[0.320s] Level 1:colcon.colcon_core.environment:checking '/home/xianyu/ws_arm/src/install/simple_arm/lib/python3.10/site-packages'
[0.320s] Level 1:colcon.colcon_core.environment:checking '/home/xianyu/ws_arm/src/install/simple_arm/bin'
[0.320s] INFO:colcon.colcon_core.shell:Creating package script '/home/xianyu/ws_arm/src/install/simple_arm/share/simple_arm/package.ps1'
[0.321s] INFO:colcon.colcon_core.shell:Creating package descriptor '/home/xianyu/ws_arm/src/install/simple_arm/share/simple_arm/package.dsv'
[0.321s] INFO:colcon.colcon_core.shell:Creating package script '/home/xianyu/ws_arm/src/install/simple_arm/share/simple_arm/package.sh'
[0.321s] INFO:colcon.colcon_core.shell:Creating package script '/home/xianyu/ws_arm/src/install/simple_arm/share/simple_arm/package.bash'
[0.321s] INFO:colcon.colcon_core.shell:Creating package script '/home/xianyu/ws_arm/src/install/simple_arm/share/simple_arm/package.zsh'
[0.322s] Level 1:colcon.colcon_core.environment:create_file_with_runtime_dependencies(/home/xianyu/ws_arm/src/install/simple_arm/share/colcon-core/packages/simple_arm)
[0.322s] INFO:colcon.colcon_ros.task.ament_cmake.build:Building ROS package in '/home/xianyu/ws_arm/src/moveit_arm' with build type 'ament_cmake'
[0.322s] INFO:colcon.colcon_cmake.task.cmake.build:Building CMake package in '/home/xianyu/ws_arm/src/moveit_arm'
[0.322s] INFO:colcon.colcon_core.shell:Skip shell extension 'powershell' for command environment: Not usable outside of PowerShell
[0.322s] DEBUG:colcon.colcon_core.shell:Skip shell extension 'dsv' for command environment
[0.328s] DEBUG:colcon.colcon_core.event_handler.log_command:Invoking command in '/home/xianyu/ws_arm/src/build/moveit_arm': CMAKE_PREFIX_PATH=/home/xianyu/ws_arm/src/install/simple_arm:/home/xianyu/ws_arm/src/install/moveit_arm:/opt/ros/humble /usr/bin/cmake --build /home/xianyu/ws_arm/src/build/moveit_arm -- -j16 -l16
[0.369s] DEBUG:colcon.colcon_core.event_handler.log_command:Invoked command in '/home/xianyu/ws_arm/src/build/moveit_arm' returned '0': CMAKE_PREFIX_PATH=/home/xianyu/ws_arm/src/install/simple_arm:/home/xianyu/ws_arm/src/install/moveit_arm:/opt/ros/humble /usr/bin/cmake --build /home/xianyu/ws_arm/src/build/moveit_arm -- -j16 -l16
[0.371s] DEBUG:colcon.colcon_core.event_handler.log_command:Invoking command in '/home/xianyu/ws_arm/src/build/moveit_arm': CMAKE_PREFIX_PATH=/home/xianyu/ws_arm/src/install/simple_arm:/home/xianyu/ws_arm/src/install/moveit_arm:/opt/ros/humble /usr/bin/cmake --install /home/xianyu/ws_arm/src/build/moveit_arm
[0.383s] Level 1:colcon.colcon_core.environment:create_environment_scripts_only(moveit_arm)
[0.384s] Level 1:colcon.colcon_core.environment:checking '/home/xianyu/ws_arm/src/install/moveit_arm' for CMake module files
[0.384s] DEBUG:colcon.colcon_core.event_handler.log_command:Invoked command in '/home/xianyu/ws_arm/src/build/moveit_arm' returned '0': CMAKE_PREFIX_PATH=/home/xianyu/ws_arm/src/install/simple_arm:/home/xianyu/ws_arm/src/install/moveit_arm:/opt/ros/humble /usr/bin/cmake --install /home/xianyu/ws_arm/src/build/moveit_arm
[0.384s] Level 1:colcon.colcon_core.environment:checking '/home/xianyu/ws_arm/src/install/moveit_arm' for CMake config files
[0.385s] Level 1:colcon.colcon_core.shell:create_environment_hook('moveit_arm', 'cmake_prefix_path')
[0.385s] INFO:colcon.colcon_core.shell:Creating environment hook '/home/xianyu/ws_arm/src/install/moveit_arm/share/moveit_arm/hook/cmake_prefix_path.ps1'
[0.385s] INFO:colcon.colcon_core.shell:Creating environment descriptor '/home/xianyu/ws_arm/src/install/moveit_arm/share/moveit_arm/hook/cmake_prefix_path.dsv'
[0.386s] INFO:colcon.colcon_core.shell:Creating environment hook '/home/xianyu/ws_arm/src/install/moveit_arm/share/moveit_arm/hook/cmake_prefix_path.sh'
[0.386s] Level 1:colcon.colcon_core.environment:checking '/home/xianyu/ws_arm/src/install/moveit_arm/bin'
[0.386s] Level 1:colcon.colcon_core.environment:checking '/home/xianyu/ws_arm/src/install/moveit_arm/lib/pkgconfig/moveit_arm.pc'
[0.387s] Level 1:colcon.colcon_core.environment:checking '/home/xianyu/ws_arm/src/install/moveit_arm/lib/python3.10/site-packages'
[0.387s] Level 1:colcon.colcon_core.environment:checking '/home/xianyu/ws_arm/src/install/moveit_arm/bin'
[0.387s] INFO:colcon.colcon_core.shell:Creating package script '/home/xianyu/ws_arm/src/install/moveit_arm/share/moveit_arm/package.ps1'
[0.388s] INFO:colcon.colcon_core.shell:Creating package descriptor '/home/xianyu/ws_arm/src/install/moveit_arm/share/moveit_arm/package.dsv'
[0.388s] INFO:colcon.colcon_core.shell:Creating package script '/home/xianyu/ws_arm/src/install/moveit_arm/share/moveit_arm/package.sh'
[0.389s] INFO:colcon.colcon_core.shell:Creating package script '/home/xianyu/ws_arm/src/install/moveit_arm/share/moveit_arm/package.bash'
[0.389s] INFO:colcon.colcon_core.shell:Creating package script '/home/xianyu/ws_arm/src/install/moveit_arm/share/moveit_arm/package.zsh'
[0.390s] Level 1:colcon.colcon_core.environment:create_file_with_runtime_dependencies(/home/xianyu/ws_arm/src/install/moveit_arm/share/colcon-core/packages/moveit_arm)
[0.390s] Level 1:colcon.colcon_core.environment:create_environment_scripts_only(moveit_arm)
[0.391s] Level 1:colcon.colcon_core.environment:checking '/home/xianyu/ws_arm/src/install/moveit_arm' for CMake module files
[0.392s] Level 1:colcon.colcon_core.environment:checking '/home/xianyu/ws_arm/src/install/moveit_arm' for CMake config files
[0.392s] Level 1:colcon.colcon_core.shell:create_environment_hook('moveit_arm', 'cmake_prefix_path')
[0.392s] INFO:colcon.colcon_core.shell:Creating environment hook '/home/xianyu/ws_arm/src/install/moveit_arm/share/moveit_arm/hook/cmake_prefix_path.ps1'
[0.393s] INFO:colcon.colcon_core.shell:Creating environment descriptor '/home/xianyu/ws_arm/src/install/moveit_arm/share/moveit_arm/hook/cmake_prefix_path.dsv'
[0.394s] INFO:colcon.colcon_core.shell:Creating environment hook '/home/xianyu/ws_arm/src/install/moveit_arm/share/moveit_arm/hook/cmake_prefix_path.sh'
[0.394s] Level 1:colcon.colcon_core.environment:checking '/home/xianyu/ws_arm/src/install/moveit_arm/bin'
[0.394s] Level 1:colcon.colcon_core.environment:checking '/home/xianyu/ws_arm/src/install/moveit_arm/lib/pkgconfig/moveit_arm.pc'
[0.395s] Level 1:colcon.colcon_core.environment:checking '/home/xianyu/ws_arm/src/install/moveit_arm/lib/python3.10/site-packages'
[0.395s] Level 1:colcon.colcon_core.environment:checking '/home/xianyu/ws_arm/src/install/moveit_arm/bin'
[0.395s] INFO:colcon.colcon_core.shell:Creating package script '/home/xianyu/ws_arm/src/install/moveit_arm/share/moveit_arm/package.ps1'
[0.396s] INFO:colcon.colcon_core.shell:Creating package descriptor '/home/xianyu/ws_arm/src/install/moveit_arm/share/moveit_arm/package.dsv'
[0.396s] INFO:colcon.colcon_core.shell:Creating package script '/home/xianyu/ws_arm/src/install/moveit_arm/share/moveit_arm/package.sh'
[0.397s] INFO:colcon.colcon_core.shell:Creating package script '/home/xianyu/ws_arm/src/install/moveit_arm/share/moveit_arm/package.bash'
[0.397s] INFO:colcon.colcon_core.shell:Creating package script '/home/xianyu/ws_arm/src/install/moveit_arm/share/moveit_arm/package.zsh'
[0.397s] Level 1:colcon.colcon_core.environment:create_file_with_runtime_dependencies(/home/xianyu/ws_arm/src/install/moveit_arm/share/colcon-core/packages/moveit_arm)
[0.398s] DEBUG:colcon.colcon_parallel_executor.executor.parallel:closing loop
[0.398s] DEBUG:colcon.colcon_parallel_executor.executor.parallel:loop closed
[0.398s] DEBUG:colcon.colcon_parallel_executor.executor.parallel:run_until_complete finished with '0'
[0.398s] DEBUG:colcon.colcon_core.event_reactor:joining thread
[0.403s] INFO:colcon.colcon_core.plugin_system:Skipping extension 'colcon_notification.desktop_notification.terminal_notifier': Not used on non-Darwin systems
[0.403s] INFO:colcon.colcon_core.plugin_system:Skipping extension 'colcon_notification.desktop_notification.win32': Not used on non-Windows systems
[0.403s] INFO:colcon.colcon_notification.desktop_notification:Sending desktop notification using 'notify2'
[0.416s] DEBUG:colcon.colcon_core.event_reactor:joined thread
[0.416s] INFO:colcon.colcon_core.shell:Creating prefix script '/home/xianyu/ws_arm/src/install/local_setup.ps1'
[0.417s] INFO:colcon.colcon_core.shell:Creating prefix util module '/home/xianyu/ws_arm/src/install/_local_setup_util_ps1.py'
[0.419s] INFO:colcon.colcon_core.shell:Creating prefix chain script '/home/xianyu/ws_arm/src/install/setup.ps1'
[0.419s] INFO:colcon.colcon_core.shell:Creating prefix script '/home/xianyu/ws_arm/src/install/local_setup.sh'
[0.420s] INFO:colcon.colcon_core.shell:Creating prefix util module '/home/xianyu/ws_arm/src/install/_local_setup_util_sh.py'
[0.420s] INFO:colcon.colcon_core.shell:Creating prefix chain script '/home/xianyu/ws_arm/src/install/setup.sh'
[0.421s] INFO:colcon.colcon_core.shell:Creating prefix script '/home/xianyu/ws_arm/src/install/local_setup.bash'
[0.421s] INFO:colcon.colcon_core.shell:Creating prefix chain script '/home/xianyu/ws_arm/src/install/setup.bash'
[0.422s] INFO:colcon.colcon_core.shell:Creating prefix script '/home/xianyu/ws_arm/src/install/local_setup.zsh'
[0.422s] INFO:colcon.colcon_core.shell:Creating prefix chain script '/home/xianyu/ws_arm/src/install/setup.zsh'
