[0.007s] Invoking command in '/home/xianyu/ws_arm/src/build/simple_arm': CMAKE_PREFIX_PATH=${CMAKE_PREFIX_PATH}:/opt/ros/humble /usr/bin/cmake /home/xianyu/ws_arm/src/simple_arm -DCMAKE_INSTALL_PREFIX=/home/xianyu/ws_arm/src/install/simple_arm
[0.052s] -- The C compiler identification is GNU 11.4.0
[0.112s] -- The CXX compiler identification is GNU 11.4.0
[0.121s] -- Detecting C compiler ABI info
[0.199s] -- Detecting C compiler ABI info - done
[0.209s] -- Check for working C compiler: /usr/bin/cc - skipped
[0.209s] -- Detecting C compile features
[0.209s] -- Detecting C compile features - done
[0.212s] -- Detecting CXX compiler ABI info
[0.301s] -- Detecting CXX compiler ABI info - done
[0.306s] -- Check for working CXX compiler: /usr/bin/c++ - skipped
[0.306s] -- Detecting CXX compile features
[0.306s] -- Detecting CXX compile features - done
[0.308s] -- Found ament_cmake: 1.3.11 (/opt/ros/humble/share/ament_cmake/cmake)
[0.414s] -- Found Python3: /usr/bin/python3 (found version "3.10.12") found components: Interpreter 
[0.477s] -- Found ament_lint_auto: 0.12.12 (/opt/ros/humble/share/ament_lint_auto/cmake)
[0.536s] -- Added test 'flake8' to check Python code syntax and style conventions
[0.536s] -- Added test 'lint_cmake' to check CMake code style
[0.537s] -- Added test 'pep257' to check Python code against some of the docstring style conventions in PEP 257
[0.539s] -- Added test 'xmllint' to check XML markup files
[0.540s] -- Configuring done
[0.542s] -- Generating done
[0.543s] -- Build files have been written to: /home/xianyu/ws_arm/src/build/simple_arm
[0.548s] Invoked command in '/home/xianyu/ws_arm/src/build/simple_arm' returned '0': CMAKE_PREFIX_PATH=${CMAKE_PREFIX_PATH}:/opt/ros/humble /usr/bin/cmake /home/xianyu/ws_arm/src/simple_arm -DCMAKE_INSTALL_PREFIX=/home/xianyu/ws_arm/src/install/simple_arm
[0.551s] Invoking command in '/home/xianyu/ws_arm/src/build/simple_arm': CMAKE_PREFIX_PATH=${CMAKE_PREFIX_PATH}:/opt/ros/humble /usr/bin/cmake --build /home/xianyu/ws_arm/src/build/simple_arm -- -j16 -l16
[0.591s] Invoked command in '/home/xianyu/ws_arm/src/build/simple_arm' returned '0': CMAKE_PREFIX_PATH=${CMAKE_PREFIX_PATH}:/opt/ros/humble /usr/bin/cmake --build /home/xianyu/ws_arm/src/build/simple_arm -- -j16 -l16
[0.603s] Invoking command in '/home/xianyu/ws_arm/src/build/simple_arm': CMAKE_PREFIX_PATH=${CMAKE_PREFIX_PATH}:/opt/ros/humble /usr/bin/cmake --install /home/xianyu/ws_arm/src/build/simple_arm
[0.611s] -- Install configuration: ""
[0.611s] -- Installing: /home/xianyu/ws_arm/src/install/simple_arm/share/simple_arm/images
[0.611s] -- Installing: /home/xianyu/ws_arm/src/install/simple_arm/share/simple_arm/launch
[0.611s] -- Installing: /home/xianyu/ws_arm/src/install/simple_arm/share/simple_arm/launch/gazebo.launch.py
[0.612s] -- Installing: /home/xianyu/ws_arm/src/install/simple_arm/share/simple_arm/launch/__pycache__
[0.612s] -- Installing: /home/xianyu/ws_arm/src/install/simple_arm/share/simple_arm/launch/__pycache__/gazebo.launch.cpython-310.pyc
[0.612s] -- Installing: /home/xianyu/ws_arm/src/install/simple_arm/share/simple_arm/launch/display.launch.py
[0.612s] -- Installing: /home/xianyu/ws_arm/src/install/simple_arm/share/simple_arm/meshes
[0.612s] -- Installing: /home/xianyu/ws_arm/src/install/simple_arm/share/simple_arm/meshes/P2_Link.STL
[0.612s] -- Installing: /home/xianyu/ws_arm/src/install/simple_arm/share/simple_arm/meshes/base_link.STL
[0.612s] -- Installing: /home/xianyu/ws_arm/src/install/simple_arm/share/simple_arm/meshes/P1_Link.STL
[0.612s] -- Installing: /home/xianyu/ws_arm/src/install/simple_arm/share/simple_arm/meshes/yaw_Link.STL
[0.613s] -- Installing: /home/xianyu/ws_arm/src/install/simple_arm/share/simple_arm/meshes/Roll_Link.STL
[0.613s] -- Installing: /home/xianyu/ws_arm/src/install/simple_arm/share/simple_arm/meshes/Minip_Link.STL
[0.614s] -- Installing: /home/xianyu/ws_arm/src/install/simple_arm/share/simple_arm/meshes/Minir_Link.STL
[0.614s] -- Installing: /home/xianyu/ws_arm/src/install/simple_arm/share/simple_arm/rviz
[0.614s] -- Installing: /home/xianyu/ws_arm/src/install/simple_arm/share/simple_arm/rviz/urdf.rviz
[0.614s] -- Installing: /home/xianyu/ws_arm/src/install/simple_arm/share/simple_arm/urdf
[0.614s] -- Installing: /home/xianyu/ws_arm/src/install/simple_arm/share/simple_arm/urdf/simple_arm.urdf
[0.614s] -- Installing: /home/xianyu/ws_arm/src/install/simple_arm/share/simple_arm/urdf/simple_arm.csv
[0.615s] -- Installing: /home/xianyu/ws_arm/src/install/simple_arm/share/ament_index/resource_index/package_run_dependencies/simple_arm
[0.615s] -- Installing: /home/xianyu/ws_arm/src/install/simple_arm/share/ament_index/resource_index/parent_prefix_path/simple_arm
[0.615s] -- Installing: /home/xianyu/ws_arm/src/install/simple_arm/share/simple_arm/environment/ament_prefix_path.sh
[0.615s] -- Installing: /home/xianyu/ws_arm/src/install/simple_arm/share/simple_arm/environment/ament_prefix_path.dsv
[0.615s] -- Installing: /home/xianyu/ws_arm/src/install/simple_arm/share/simple_arm/environment/path.sh
[0.616s] -- Installing: /home/xianyu/ws_arm/src/install/simple_arm/share/simple_arm/environment/path.dsv
[0.616s] -- Installing: /home/xianyu/ws_arm/src/install/simple_arm/share/simple_arm/local_setup.bash
[0.616s] -- Installing: /home/xianyu/ws_arm/src/install/simple_arm/share/simple_arm/local_setup.sh
[0.616s] -- Installing: /home/xianyu/ws_arm/src/install/simple_arm/share/simple_arm/local_setup.zsh
[0.616s] -- Installing: /home/xianyu/ws_arm/src/install/simple_arm/share/simple_arm/local_setup.dsv
[0.616s] -- Installing: /home/xianyu/ws_arm/src/install/simple_arm/share/simple_arm/package.dsv
[0.616s] -- Installing: /home/xianyu/ws_arm/src/install/simple_arm/share/ament_index/resource_index/packages/simple_arm
[0.616s] -- Installing: /home/xianyu/ws_arm/src/install/simple_arm/share/simple_arm/cmake/simple_armConfig.cmake
[0.617s] -- Installing: /home/xianyu/ws_arm/src/install/simple_arm/share/simple_arm/cmake/simple_armConfig-version.cmake
[0.617s] -- Installing: /home/xianyu/ws_arm/src/install/simple_arm/share/simple_arm/package.xml
[0.620s] Invoked command in '/home/xianyu/ws_arm/src/build/simple_arm' returned '0': CMAKE_PREFIX_PATH=${CMAKE_PREFIX_PATH}:/opt/ros/humble /usr/bin/cmake --install /home/xianyu/ws_arm/src/build/simple_arm
