[0.009s] Invoking command in '/home/xianyu/ws_arm/src/build/moveit_arm': AMENT_PREFIX_PATH=/home/xianyu/ws_arm/src/install/simple_arm:${AMENT_PREFIX_PATH} CMAKE_PREFIX_PATH=/home/xianyu/ws_arm/src/install/simple_arm:/home/xianyu/ws_arm/install/my_arm:/home/xianyu/ws_arm/install/simple_arm:/opt/ros/humble /usr/bin/cmake /home/xianyu/ws_arm/src/moveit_arm -DCMAKE_INSTALL_PREFIX=/home/xianyu/ws_arm/src/install/moveit_arm
[0.082s] -- The C compiler identification is GNU 11.4.0
[0.128s] -- The CXX compiler identification is GNU 11.4.0
[0.133s] -- Detecting C compiler ABI info
[0.210s] -- Detecting C compiler ABI info - done
[0.216s] -- Check for working C compiler: /usr/bin/cc - skipped
[0.216s] -- Detecting C compile features
[0.216s] -- Detecting C compile features - done
[0.218s] -- Detecting CXX compiler ABI info
[0.296s] -- Detecting CXX compiler ABI info - done
[0.301s] -- Check for working CXX compiler: /usr/bin/c++ - skipped
[0.302s] -- Detecting CXX compile features
[0.302s] -- Detecting CXX compile features - done
[0.304s] -- Found ament_cmake: 1.3.11 (/opt/ros/humble/share/ament_cmake/cmake)
[0.421s] -- Found Python3: /usr/bin/python3 (found version "3.10.12") found components: Interpreter 
[0.521s] -- Configuring done
[0.522s] -- Generating done
[0.523s] -- Build files have been written to: /home/xianyu/ws_arm/src/build/moveit_arm
[0.527s] Invoked command in '/home/xianyu/ws_arm/src/build/moveit_arm' returned '0': AMENT_PREFIX_PATH=/home/xianyu/ws_arm/src/install/simple_arm:${AMENT_PREFIX_PATH} CMAKE_PREFIX_PATH=/home/xianyu/ws_arm/src/install/simple_arm:/home/xianyu/ws_arm/install/my_arm:/home/xianyu/ws_arm/install/simple_arm:/opt/ros/humble /usr/bin/cmake /home/xianyu/ws_arm/src/moveit_arm -DCMAKE_INSTALL_PREFIX=/home/xianyu/ws_arm/src/install/moveit_arm
[0.528s] Invoking command in '/home/xianyu/ws_arm/src/build/moveit_arm': AMENT_PREFIX_PATH=/home/xianyu/ws_arm/src/install/simple_arm:${AMENT_PREFIX_PATH} CMAKE_PREFIX_PATH=/home/xianyu/ws_arm/src/install/simple_arm:/home/xianyu/ws_arm/install/my_arm:/home/xianyu/ws_arm/install/simple_arm:/opt/ros/humble /usr/bin/cmake --build /home/xianyu/ws_arm/src/build/moveit_arm -- -j16 -l16
[0.567s] Invoked command in '/home/xianyu/ws_arm/src/build/moveit_arm' returned '0': AMENT_PREFIX_PATH=/home/xianyu/ws_arm/src/install/simple_arm:${AMENT_PREFIX_PATH} CMAKE_PREFIX_PATH=/home/xianyu/ws_arm/src/install/simple_arm:/home/xianyu/ws_arm/install/my_arm:/home/xianyu/ws_arm/install/simple_arm:/opt/ros/humble /usr/bin/cmake --build /home/xianyu/ws_arm/src/build/moveit_arm -- -j16 -l16
[0.569s] Invoking command in '/home/xianyu/ws_arm/src/build/moveit_arm': AMENT_PREFIX_PATH=/home/xianyu/ws_arm/src/install/simple_arm:${AMENT_PREFIX_PATH} CMAKE_PREFIX_PATH=/home/xianyu/ws_arm/src/install/simple_arm:/home/xianyu/ws_arm/install/my_arm:/home/xianyu/ws_arm/install/simple_arm:/opt/ros/humble /usr/bin/cmake --install /home/xianyu/ws_arm/src/build/moveit_arm
[0.580s] -- Install configuration: ""
[0.580s] -- Installing: /home/xianyu/ws_arm/src/install/moveit_arm/share/ament_index/resource_index/package_run_dependencies/moveit_arm
[0.580s] -- Installing: /home/xianyu/ws_arm/src/install/moveit_arm/share/ament_index/resource_index/parent_prefix_path/moveit_arm
[0.580s] -- Installing: /home/xianyu/ws_arm/src/install/moveit_arm/share/moveit_arm/environment/ament_prefix_path.sh
[0.580s] -- Installing: /home/xianyu/ws_arm/src/install/moveit_arm/share/moveit_arm/environment/ament_prefix_path.dsv
[0.581s] -- Installing: /home/xianyu/ws_arm/src/install/moveit_arm/share/moveit_arm/environment/path.sh
[0.581s] -- Installing: /home/xianyu/ws_arm/src/install/moveit_arm/share/moveit_arm/environment/path.dsv
[0.581s] -- Installing: /home/xianyu/ws_arm/src/install/moveit_arm/share/moveit_arm/local_setup.bash
[0.581s] -- Installing: /home/xianyu/ws_arm/src/install/moveit_arm/share/moveit_arm/local_setup.sh
[0.581s] -- Installing: /home/xianyu/ws_arm/src/install/moveit_arm/share/moveit_arm/local_setup.zsh
[0.581s] -- Installing: /home/xianyu/ws_arm/src/install/moveit_arm/share/moveit_arm/local_setup.dsv
[0.581s] -- Installing: /home/xianyu/ws_arm/src/install/moveit_arm/share/moveit_arm/package.dsv
[0.581s] -- Installing: /home/xianyu/ws_arm/src/install/moveit_arm/share/ament_index/resource_index/packages/moveit_arm
[0.581s] -- Installing: /home/xianyu/ws_arm/src/install/moveit_arm/share/moveit_arm/cmake/moveit_armConfig.cmake
[0.582s] -- Installing: /home/xianyu/ws_arm/src/install/moveit_arm/share/moveit_arm/cmake/moveit_armConfig-version.cmake
[0.582s] -- Installing: /home/xianyu/ws_arm/src/install/moveit_arm/share/moveit_arm/package.xml
[0.582s] -- Installing: /home/xianyu/ws_arm/src/install/moveit_arm/share/moveit_arm/launch
[0.582s] -- Installing: /home/xianyu/ws_arm/src/install/moveit_arm/share/moveit_arm/launch/demo.launch.py
[0.582s] -- Installing: /home/xianyu/ws_arm/src/install/moveit_arm/share/moveit_arm/launch/moveit_rviz.launch.py
[0.582s] -- Installing: /home/xianyu/ws_arm/src/install/moveit_arm/share/moveit_arm/launch/warehouse_db.launch.py
[0.582s] -- Installing: /home/xianyu/ws_arm/src/install/moveit_arm/share/moveit_arm/launch/static_virtual_joint_tfs.launch.py
[0.582s] -- Installing: /home/xianyu/ws_arm/src/install/moveit_arm/share/moveit_arm/launch/move_group.launch.py
[0.582s] -- Installing: /home/xianyu/ws_arm/src/install/moveit_arm/share/moveit_arm/launch/rsp.launch.py
[0.583s] -- Installing: /home/xianyu/ws_arm/src/install/moveit_arm/share/moveit_arm/launch/setup_assistant.launch.py
[0.583s] -- Installing: /home/xianyu/ws_arm/src/install/moveit_arm/share/moveit_arm/launch/spawn_controllers.launch.py
[0.583s] -- Installing: /home/xianyu/ws_arm/src/install/moveit_arm/share/moveit_arm/config
[0.583s] -- Installing: /home/xianyu/ws_arm/src/install/moveit_arm/share/moveit_arm/config/moveit_controllers.yaml
[0.583s] -- Installing: /home/xianyu/ws_arm/src/install/moveit_arm/share/moveit_arm/config/ros2_controllers.yaml
[0.583s] -- Installing: /home/xianyu/ws_arm/src/install/moveit_arm/share/moveit_arm/config/simple_arm.ros2_control.xacro
[0.583s] -- Installing: /home/xianyu/ws_arm/src/install/moveit_arm/share/moveit_arm/config/moveit.rviz
[0.583s] -- Installing: /home/xianyu/ws_arm/src/install/moveit_arm/share/moveit_arm/config/simple_arm.urdf.xacro
[0.583s] -- Installing: /home/xianyu/ws_arm/src/install/moveit_arm/share/moveit_arm/config/pilz_cartesian_limits.yaml
[0.583s] -- Installing: /home/xianyu/ws_arm/src/install/moveit_arm/share/moveit_arm/config/initial_positions.yaml
[0.583s] -- Installing: /home/xianyu/ws_arm/src/install/moveit_arm/share/moveit_arm/config/joint_limits.yaml
[0.583s] -- Installing: /home/xianyu/ws_arm/src/install/moveit_arm/share/moveit_arm/config/simple_arm.srdf
[0.583s] -- Installing: /home/xianyu/ws_arm/src/install/moveit_arm/share/moveit_arm/config/kinematics.yaml
[0.583s] -- Installing: /home/xianyu/ws_arm/src/install/moveit_arm/share/moveit_arm/.setup_assistant
[0.585s] Invoked command in '/home/xianyu/ws_arm/src/build/moveit_arm' returned '0': AMENT_PREFIX_PATH=/home/xianyu/ws_arm/src/install/simple_arm:${AMENT_PREFIX_PATH} CMAKE_PREFIX_PATH=/home/xianyu/ws_arm/src/install/simple_arm:/home/xianyu/ws_arm/install/my_arm:/home/xianyu/ws_arm/install/simple_arm:/opt/ros/humble /usr/bin/cmake --install /home/xianyu/ws_arm/src/build/moveit_arm
