[0.007s] Invoking command in '/home/xianyu/ws_arm/build/simple_arm': CMAKE_PREFIX_PATH=${CMAKE_PREFIX_PATH}:/opt/ros/humble /usr/bin/cmake --build /home/xianyu/ws_arm/build/simple_arm -- -j16 -l16
[0.031s] -- Found ament_cmake: 1.3.11 (/opt/ros/humble/share/ament_cmake/cmake)
[0.141s] -- Found ament_lint_auto: 0.12.12 (/opt/ros/humble/share/ament_lint_auto/cmake)
[0.192s] -- Added test 'flake8' to check Python code syntax and style conventions
[0.192s] -- Added test 'lint_cmake' to check CMake code style
[0.192s] -- Added test 'pep257' to check Python code against some of the docstring style conventions in PEP 257
[0.193s] -- Added test 'xmllint' to check XML markup files
[0.193s] -- Configuring done
[0.194s] -- Generating done
[0.195s] -- Build files have been written to: /home/xianyu/ws_arm/build/simple_arm
[0.210s] Invoked command in '/home/xianyu/ws_arm/build/simple_arm' returned '0': CMAKE_PREFIX_PATH=${CMAKE_PREFIX_PATH}:/opt/ros/humble /usr/bin/cmake --build /home/xianyu/ws_arm/build/simple_arm -- -j16 -l16
[0.218s] Invoking command in '/home/xianyu/ws_arm/build/simple_arm': CMAKE_PREFIX_PATH=${CMAKE_PREFIX_PATH}:/opt/ros/humble /usr/bin/cmake --install /home/xianyu/ws_arm/build/simple_arm
[0.225s] -- Install configuration: ""
[0.225s] -- Up-to-date: /home/xianyu/ws_arm/install/simple_arm/share/simple_arm/images
[0.225s] -- Up-to-date: /home/xianyu/ws_arm/install/simple_arm/share/simple_arm/launch
[0.225s] -- Installing: /home/xianyu/ws_arm/install/simple_arm/share/simple_arm/launch/gazebo.launch.py
[0.225s] -- Up-to-date: /home/xianyu/ws_arm/install/simple_arm/share/simple_arm/launch/display.launch.py
[0.226s] -- Up-to-date: /home/xianyu/ws_arm/install/simple_arm/share/simple_arm/meshes
[0.226s] -- Up-to-date: /home/xianyu/ws_arm/install/simple_arm/share/simple_arm/meshes/P2_Link.STL
[0.226s] -- Up-to-date: /home/xianyu/ws_arm/install/simple_arm/share/simple_arm/meshes/base_link.STL
[0.226s] -- Up-to-date: /home/xianyu/ws_arm/install/simple_arm/share/simple_arm/meshes/P1_Link.STL
[0.226s] -- Up-to-date: /home/xianyu/ws_arm/install/simple_arm/share/simple_arm/meshes/yaw_Link.STL
[0.226s] -- Up-to-date: /home/xianyu/ws_arm/install/simple_arm/share/simple_arm/meshes/Roll_Link.STL
[0.226s] -- Up-to-date: /home/xianyu/ws_arm/install/simple_arm/share/simple_arm/meshes/Minip_Link.STL
[0.226s] -- Up-to-date: /home/xianyu/ws_arm/install/simple_arm/share/simple_arm/meshes/Minir_Link.STL
[0.226s] -- Up-to-date: /home/xianyu/ws_arm/install/simple_arm/share/simple_arm/rviz
[0.226s] -- Up-to-date: /home/xianyu/ws_arm/install/simple_arm/share/simple_arm/rviz/urdf.rviz
[0.227s] -- Up-to-date: /home/xianyu/ws_arm/install/simple_arm/share/simple_arm/urdf
[0.227s] -- Up-to-date: /home/xianyu/ws_arm/install/simple_arm/share/simple_arm/urdf/simple_arm.urdf
[0.227s] -- Up-to-date: /home/xianyu/ws_arm/install/simple_arm/share/simple_arm/urdf/simple_arm.csv
[0.227s] -- Installing: /home/xianyu/ws_arm/install/simple_arm/share/ament_index/resource_index/package_run_dependencies/simple_arm
[0.228s] -- Up-to-date: /home/xianyu/ws_arm/install/simple_arm/share/ament_index/resource_index/parent_prefix_path/simple_arm
[0.228s] -- Up-to-date: /home/xianyu/ws_arm/install/simple_arm/share/simple_arm/environment/ament_prefix_path.sh
[0.228s] -- Installing: /home/xianyu/ws_arm/install/simple_arm/share/simple_arm/environment/ament_prefix_path.dsv
[0.228s] -- Up-to-date: /home/xianyu/ws_arm/install/simple_arm/share/simple_arm/environment/path.sh
[0.228s] -- Installing: /home/xianyu/ws_arm/install/simple_arm/share/simple_arm/environment/path.dsv
[0.228s] -- Up-to-date: /home/xianyu/ws_arm/install/simple_arm/share/simple_arm/local_setup.bash
[0.228s] -- Up-to-date: /home/xianyu/ws_arm/install/simple_arm/share/simple_arm/local_setup.sh
[0.228s] -- Up-to-date: /home/xianyu/ws_arm/install/simple_arm/share/simple_arm/local_setup.zsh
[0.228s] -- Installing: /home/xianyu/ws_arm/install/simple_arm/share/simple_arm/local_setup.dsv
[0.228s] -- Installing: /home/xianyu/ws_arm/install/simple_arm/share/simple_arm/package.dsv
[0.228s] -- Up-to-date: /home/xianyu/ws_arm/install/simple_arm/share/ament_index/resource_index/packages/simple_arm
[0.228s] -- Up-to-date: /home/xianyu/ws_arm/install/simple_arm/share/simple_arm/cmake/simple_armConfig.cmake
[0.228s] -- Up-to-date: /home/xianyu/ws_arm/install/simple_arm/share/simple_arm/cmake/simple_armConfig-version.cmake
[0.228s] -- Installing: /home/xianyu/ws_arm/install/simple_arm/share/simple_arm/package.xml
[0.228s] Invoked command in '/home/xianyu/ws_arm/build/simple_arm' returned '0': CMAKE_PREFIX_PATH=${CMAKE_PREFIX_PATH}:/opt/ros/humble /usr/bin/cmake --install /home/xianyu/ws_arm/build/simple_arm
