-- Install configuration: ""
-- Up-to-date: /home/xianyu/ws_arm/src/install/moveit_arm/share/ament_index/resource_index/package_run_dependencies/moveit_arm
-- Up-to-date: /home/xianyu/ws_arm/src/install/moveit_arm/share/ament_index/resource_index/parent_prefix_path/moveit_arm
-- Up-to-date: /home/xianyu/ws_arm/src/install/moveit_arm/share/moveit_arm/environment/ament_prefix_path.sh
-- Up-to-date: /home/xianyu/ws_arm/src/install/moveit_arm/share/moveit_arm/environment/ament_prefix_path.dsv
-- Up-to-date: /home/xianyu/ws_arm/src/install/moveit_arm/share/moveit_arm/environment/path.sh
-- Up-to-date: /home/xianyu/ws_arm/src/install/moveit_arm/share/moveit_arm/environment/path.dsv
-- Up-to-date: /home/xianyu/ws_arm/src/install/moveit_arm/share/moveit_arm/local_setup.bash
-- Up-to-date: /home/xianyu/ws_arm/src/install/moveit_arm/share/moveit_arm/local_setup.sh
-- Up-to-date: /home/xianyu/ws_arm/src/install/moveit_arm/share/moveit_arm/local_setup.zsh
-- Up-to-date: /home/xianyu/ws_arm/src/install/moveit_arm/share/moveit_arm/local_setup.dsv
-- Installing: /home/xianyu/ws_arm/src/install/moveit_arm/share/moveit_arm/package.dsv
-- Up-to-date: /home/xianyu/ws_arm/src/install/moveit_arm/share/ament_index/resource_index/packages/moveit_arm
-- Up-to-date: /home/xianyu/ws_arm/src/install/moveit_arm/share/moveit_arm/cmake/moveit_armConfig.cmake
-- Up-to-date: /home/xianyu/ws_arm/src/install/moveit_arm/share/moveit_arm/cmake/moveit_armConfig-version.cmake
-- Up-to-date: /home/xianyu/ws_arm/src/install/moveit_arm/share/moveit_arm/package.xml
-- Up-to-date: /home/xianyu/ws_arm/src/install/moveit_arm/share/moveit_arm/launch
-- Up-to-date: /home/xianyu/ws_arm/src/install/moveit_arm/share/moveit_arm/launch/demo.launch.py
-- Up-to-date: /home/xianyu/ws_arm/src/install/moveit_arm/share/moveit_arm/launch/moveit_rviz.launch.py
-- Up-to-date: /home/xianyu/ws_arm/src/install/moveit_arm/share/moveit_arm/launch/warehouse_db.launch.py
-- Up-to-date: /home/xianyu/ws_arm/src/install/moveit_arm/share/moveit_arm/launch/static_virtual_joint_tfs.launch.py
-- Up-to-date: /home/xianyu/ws_arm/src/install/moveit_arm/share/moveit_arm/launch/move_group.launch.py
-- Up-to-date: /home/xianyu/ws_arm/src/install/moveit_arm/share/moveit_arm/launch/rsp.launch.py
-- Up-to-date: /home/xianyu/ws_arm/src/install/moveit_arm/share/moveit_arm/launch/setup_assistant.launch.py
-- Up-to-date: /home/xianyu/ws_arm/src/install/moveit_arm/share/moveit_arm/launch/spawn_controllers.launch.py
-- Up-to-date: /home/xianyu/ws_arm/src/install/moveit_arm/share/moveit_arm/config
-- Up-to-date: /home/xianyu/ws_arm/src/install/moveit_arm/share/moveit_arm/config/moveit_controllers.yaml
-- Up-to-date: /home/xianyu/ws_arm/src/install/moveit_arm/share/moveit_arm/config/ros2_controllers.yaml
-- Up-to-date: /home/xianyu/ws_arm/src/install/moveit_arm/share/moveit_arm/config/simple_arm.ros2_control.xacro
-- Up-to-date: /home/xianyu/ws_arm/src/install/moveit_arm/share/moveit_arm/config/moveit.rviz
-- Installing: /home/xianyu/ws_arm/src/install/moveit_arm/share/moveit_arm/config/gazebo_simple_arm.urdf.xacro
-- Up-to-date: /home/xianyu/ws_arm/src/install/moveit_arm/share/moveit_arm/config/simple_arm.urdf.xacro
-- Up-to-date: /home/xianyu/ws_arm/src/install/moveit_arm/share/moveit_arm/config/pilz_cartesian_limits.yaml
-- Up-to-date: /home/xianyu/ws_arm/src/install/moveit_arm/share/moveit_arm/config/initial_positions.yaml
-- Up-to-date: /home/xianyu/ws_arm/src/install/moveit_arm/share/moveit_arm/config/joint_limits.yaml
-- Up-to-date: /home/xianyu/ws_arm/src/install/moveit_arm/share/moveit_arm/config/simple_arm.srdf
-- Up-to-date: /home/xianyu/ws_arm/src/install/moveit_arm/share/moveit_arm/config/kinematics.yaml
-- Up-to-date: /home/xianyu/ws_arm/src/install/moveit_arm/share/moveit_arm/.setup_assistant
