[0.006s] Invoking command in '/home/xianyu/ws_arm/build/moveit_arm': AMENT_PREFIX_PATH=/home/xianyu/ws_arm/install/simple_arm:${AMENT_PREFIX_PATH} CMAKE_PREFIX_PATH=/home/xianyu/ws_arm/install/simple_arm:/opt/ros/humble /usr/bin/cmake --build /home/xianyu/ws_arm/build/moveit_arm -- -j16 -l16
[0.054s] Invoked command in '/home/xianyu/ws_arm/build/moveit_arm' returned '0': AMENT_PREFIX_PATH=/home/xianyu/ws_arm/install/simple_arm:${AMENT_PREFIX_PATH} CMAKE_PREFIX_PATH=/home/xianyu/ws_arm/install/simple_arm:/opt/ros/humble /usr/bin/cmake --build /home/xianyu/ws_arm/build/moveit_arm -- -j16 -l16
[0.056s] Invoking command in '/home/xianyu/ws_arm/build/moveit_arm': AMENT_PREFIX_PATH=/home/xianyu/ws_arm/install/simple_arm:${AMENT_PREFIX_PATH} CMAKE_PREFIX_PATH=/home/xianyu/ws_arm/install/simple_arm:/opt/ros/humble /usr/bin/cmake --install /home/xianyu/ws_arm/build/moveit_arm
[0.063s] -- Install configuration: ""
[0.063s] -- Up-to-date: /home/xianyu/ws_arm/install/moveit_arm/share/ament_index/resource_index/package_run_dependencies/moveit_arm
[0.063s] -- Up-to-date: /home/xianyu/ws_arm/install/moveit_arm/share/ament_index/resource_index/parent_prefix_path/moveit_arm
[0.063s] -- Up-to-date: /home/xianyu/ws_arm/install/moveit_arm/share/moveit_arm/environment/ament_prefix_path.sh
[0.064s] -- Up-to-date: /home/xianyu/ws_arm/install/moveit_arm/share/moveit_arm/environment/ament_prefix_path.dsv
[0.064s] -- Up-to-date: /home/xianyu/ws_arm/install/moveit_arm/share/moveit_arm/environment/path.sh
[0.064s] -- Up-to-date: /home/xianyu/ws_arm/install/moveit_arm/share/moveit_arm/environment/path.dsv
[0.064s] -- Up-to-date: /home/xianyu/ws_arm/install/moveit_arm/share/moveit_arm/local_setup.bash
[0.065s] -- Up-to-date: /home/xianyu/ws_arm/install/moveit_arm/share/moveit_arm/local_setup.sh
[0.065s] -- Up-to-date: /home/xianyu/ws_arm/install/moveit_arm/share/moveit_arm/local_setup.zsh
[0.065s] -- Up-to-date: /home/xianyu/ws_arm/install/moveit_arm/share/moveit_arm/local_setup.dsv
[0.065s] -- Up-to-date: /home/xianyu/ws_arm/install/moveit_arm/share/moveit_arm/package.dsv
[0.065s] -- Up-to-date: /home/xianyu/ws_arm/install/moveit_arm/share/ament_index/resource_index/packages/moveit_arm
[0.065s] -- Up-to-date: /home/xianyu/ws_arm/install/moveit_arm/share/moveit_arm/cmake/moveit_armConfig.cmake
[0.065s] -- Up-to-date: /home/xianyu/ws_arm/install/moveit_arm/share/moveit_arm/cmake/moveit_armConfig-version.cmake
[0.065s] -- Up-to-date: /home/xianyu/ws_arm/install/moveit_arm/share/moveit_arm/package.xml
[0.065s] -- Up-to-date: /home/xianyu/ws_arm/install/moveit_arm/share/moveit_arm/launch
[0.065s] -- Up-to-date: /home/xianyu/ws_arm/install/moveit_arm/share/moveit_arm/launch/gazebo.launch.py
[0.066s] -- Up-to-date: /home/xianyu/ws_arm/install/moveit_arm/share/moveit_arm/launch/demo.launch.py
[0.066s] -- Up-to-date: /home/xianyu/ws_arm/install/moveit_arm/share/moveit_arm/launch/moveit_rviz.launch.py
[0.066s] -- Up-to-date: /home/xianyu/ws_arm/install/moveit_arm/share/moveit_arm/launch/warehouse_db.launch.py
[0.066s] -- Up-to-date: /home/xianyu/ws_arm/install/moveit_arm/share/moveit_arm/launch/static_virtual_joint_tfs.launch.py
[0.066s] -- Up-to-date: /home/xianyu/ws_arm/install/moveit_arm/share/moveit_arm/launch/move_group.launch.py
[0.066s] -- Up-to-date: /home/xianyu/ws_arm/install/moveit_arm/share/moveit_arm/launch/rsp.launch.py
[0.066s] -- Up-to-date: /home/xianyu/ws_arm/install/moveit_arm/share/moveit_arm/launch/setup_assistant.launch.py
[0.066s] -- Up-to-date: /home/xianyu/ws_arm/install/moveit_arm/share/moveit_arm/launch/spawn_controllers.launch.py
[0.066s] -- Up-to-date: /home/xianyu/ws_arm/install/moveit_arm/share/moveit_arm/config
[0.066s] -- Up-to-date: /home/xianyu/ws_arm/install/moveit_arm/share/moveit_arm/config/moveit_controllers.yaml
[0.066s] -- Up-to-date: /home/xianyu/ws_arm/install/moveit_arm/share/moveit_arm/config/ros2_controllers.yaml
[0.066s] -- Up-to-date: /home/xianyu/ws_arm/install/moveit_arm/share/moveit_arm/config/simple_arm.ros2_control.xacro
[0.067s] -- Up-to-date: /home/xianyu/ws_arm/install/moveit_arm/share/moveit_arm/config/moveit.rviz
[0.067s] -- Up-to-date: /home/xianyu/ws_arm/install/moveit_arm/share/moveit_arm/config/gazebo_simple_arm.urdf.xacro
[0.067s] -- Up-to-date: /home/xianyu/ws_arm/install/moveit_arm/share/moveit_arm/config/simple_arm.urdf.xacro
[0.067s] -- Up-to-date: /home/xianyu/ws_arm/install/moveit_arm/share/moveit_arm/config/pilz_cartesian_limits.yaml
[0.067s] -- Up-to-date: /home/xianyu/ws_arm/install/moveit_arm/share/moveit_arm/config/initial_positions.yaml
[0.067s] -- Up-to-date: /home/xianyu/ws_arm/install/moveit_arm/share/moveit_arm/config/joint_limits.yaml
[0.067s] -- Up-to-date: /home/xianyu/ws_arm/install/moveit_arm/share/moveit_arm/config/simple_arm.srdf
[0.067s] -- Up-to-date: /home/xianyu/ws_arm/install/moveit_arm/share/moveit_arm/config/kinematics.yaml
[0.067s] -- Up-to-date: /home/xianyu/ws_arm/install/moveit_arm/share/moveit_arm/.setup_assistant
[0.068s] Invoked command in '/home/xianyu/ws_arm/build/moveit_arm' returned '0': AMENT_PREFIX_PATH=/home/xianyu/ws_arm/install/simple_arm:${AMENT_PREFIX_PATH} CMAKE_PREFIX_PATH=/home/xianyu/ws_arm/install/simple_arm:/opt/ros/humble /usr/bin/cmake --install /home/xianyu/ws_arm/build/moveit_arm
