[0.063s] Invoking command in '/home/xianyu/ws_arm/build/simple_arm': CMAKE_PREFIX_PATH=${CMAKE_PREFIX_PATH}:/opt/ros/humble /usr/bin/cmake --build /home/xianyu/ws_arm/build/simple_arm -- -j8 -l8
[0.097s] Invoked command in '/home/xianyu/ws_arm/build/simple_arm' returned '0': CMAKE_PREFIX_PATH=${CMAKE_PREFIX_PATH}:/opt/ros/humble /usr/bin/cmake --build /home/xianyu/ws_arm/build/simple_arm -- -j8 -l8
[0.106s] Invoking command in '/home/xianyu/ws_arm/build/simple_arm': CMAKE_PREFIX_PATH=${CMAKE_PREFIX_PATH}:/opt/ros/humble /usr/bin/cmake --install /home/xianyu/ws_arm/build/simple_arm
[0.113s] -- Install configuration: ""
[0.113s] -- Up-to-date: /home/xianyu/ws_arm/install/simple_arm/share/simple_arm/images
[0.114s] -- Up-to-date: /home/xianyu/ws_arm/install/simple_arm/share/simple_arm/launch
[0.114s] -- Up-to-date: /home/xianyu/ws_arm/install/simple_arm/share/simple_arm/launch/gazebo.launch.py
[0.114s] -- Up-to-date: /home/xianyu/ws_arm/install/simple_arm/share/simple_arm/launch/__pycache__
[0.115s] -- Up-to-date: /home/xianyu/ws_arm/install/simple_arm/share/simple_arm/launch/__pycache__/gazebo.launch.cpython-310.pyc
[0.115s] -- Up-to-date: /home/xianyu/ws_arm/install/simple_arm/share/simple_arm/launch/display.launch.py
[0.115s] -- Up-to-date: /home/xianyu/ws_arm/install/simple_arm/share/simple_arm/meshes
[0.115s] -- Up-to-date: /home/xianyu/ws_arm/install/simple_arm/share/simple_arm/meshes/P2_Link.STL
[0.115s] -- Up-to-date: /home/xianyu/ws_arm/install/simple_arm/share/simple_arm/meshes/base_link.STL
[0.115s] -- Up-to-date: /home/xianyu/ws_arm/install/simple_arm/share/simple_arm/meshes/P1_Link.STL
[0.115s] -- Up-to-date: /home/xianyu/ws_arm/install/simple_arm/share/simple_arm/meshes/yaw_Link.STL
[0.116s] -- Up-to-date: /home/xianyu/ws_arm/install/simple_arm/share/simple_arm/meshes/Roll_Link.STL
[0.116s] -- Up-to-date: /home/xianyu/ws_arm/install/simple_arm/share/simple_arm/meshes/Minip_Link.STL
[0.116s] -- Up-to-date: /home/xianyu/ws_arm/install/simple_arm/share/simple_arm/meshes/Minir_Link.STL
[0.116s] -- Up-to-date: /home/xianyu/ws_arm/install/simple_arm/share/simple_arm/rviz
[0.116s] -- Up-to-date: /home/xianyu/ws_arm/install/simple_arm/share/simple_arm/rviz/urdf.rviz
[0.116s] -- Up-to-date: /home/xianyu/ws_arm/install/simple_arm/share/simple_arm/urdf
[0.116s] -- Up-to-date: /home/xianyu/ws_arm/install/simple_arm/share/simple_arm/urdf/simple_arm.urdf
[0.117s] -- Up-to-date: /home/xianyu/ws_arm/install/simple_arm/share/simple_arm/urdf/simple_arm.csv
[0.117s] -- Up-to-date: /home/xianyu/ws_arm/install/simple_arm/share/simple_arm/urdf/simple_arm1.urdf
[0.117s] -- Up-to-date: /home/xianyu/ws_arm/install/simple_arm/share/ament_index/resource_index/package_run_dependencies/simple_arm
[0.117s] -- Up-to-date: /home/xianyu/ws_arm/install/simple_arm/share/ament_index/resource_index/parent_prefix_path/simple_arm
[0.117s] -- Up-to-date: /home/xianyu/ws_arm/install/simple_arm/share/simple_arm/environment/ament_prefix_path.sh
[0.117s] -- Up-to-date: /home/xianyu/ws_arm/install/simple_arm/share/simple_arm/environment/ament_prefix_path.dsv
[0.117s] -- Up-to-date: /home/xianyu/ws_arm/install/simple_arm/share/simple_arm/environment/path.sh
[0.118s] -- Up-to-date: /home/xianyu/ws_arm/install/simple_arm/share/simple_arm/environment/path.dsv
[0.118s] -- Up-to-date: /home/xianyu/ws_arm/install/simple_arm/share/simple_arm/local_setup.bash
[0.118s] -- Up-to-date: /home/xianyu/ws_arm/install/simple_arm/share/simple_arm/local_setup.sh
[0.118s] -- Up-to-date: /home/xianyu/ws_arm/install/simple_arm/share/simple_arm/local_setup.zsh
[0.118s] -- Up-to-date: /home/xianyu/ws_arm/install/simple_arm/share/simple_arm/local_setup.dsv
[0.118s] -- Installing: /home/xianyu/ws_arm/install/simple_arm/share/simple_arm/package.dsv
[0.118s] -- Up-to-date: /home/xianyu/ws_arm/install/simple_arm/share/ament_index/resource_index/packages/simple_arm
[0.118s] -- Up-to-date: /home/xianyu/ws_arm/install/simple_arm/share/simple_arm/cmake/simple_armConfig.cmake
[0.118s] -- Up-to-date: /home/xianyu/ws_arm/install/simple_arm/share/simple_arm/cmake/simple_armConfig-version.cmake
[0.118s] -- Up-to-date: /home/xianyu/ws_arm/install/simple_arm/share/simple_arm/package.xml
[0.120s] Invoked command in '/home/xianyu/ws_arm/build/simple_arm' returned '0': CMAKE_PREFIX_PATH=${CMAKE_PREFIX_PATH}:/opt/ros/humble /usr/bin/cmake --install /home/xianyu/ws_arm/build/simple_arm
